This is pdfTeX, Version 3.14159265-2.6-1.40.20 (TeX Live 2019/Debian) (preloaded format=pdflatex 2022.11.13)  13 NOV 2022 01:11
entering extended mode
 restricted \write18 enabled.
 %&-line parsing enabled.
**refman
(./refman.tex
LaTeX2e <2020-02-02> patch level 2
L3 programming layer <2020-02-14>
(/usr/share/texlive/texmf-dist/tex/latex/base/book.cls
Document Class: book 2019/12/20 v1.4l Standard LaTeX document class
(/usr/share/texlive/texmf-dist/tex/latex/base/bk10.clo
File: bk10.clo 2019/12/20 v1.4l Standard LaTeX file (size option)
)
\c@part=\count167
\c@chapter=\count168
\c@section=\count169
\c@subsection=\count170
\c@subsubsection=\count171
\c@paragraph=\count172
\c@subparagraph=\count173
\c@figure=\count174
\c@table=\count175
\abovecaptionskip=\skip47
\belowcaptionskip=\skip48
\bibindent=\dimen134
)
(/usr/share/texlive/texmf-dist/tex/latex/base/ifthen.sty
Package: ifthen 2014/09/29 v1.1c Standard LaTeX ifthen package (DPC)
)
(/usr/share/texlive/texmf-dist/tex/latex/tools/array.sty
Rollback for package 'array' requested -> date 2016-10-06.
         Best approximation is the release introduced on 2016-10-06.

(/usr/share/texlive/texmf-dist/tex/latex/tools/array-2016-10-06.sty
Package: array 2016/10/06 v2.4d Tabular extension package (FMi)
\col@sep=\dimen135
\extrarowheight=\dimen136
\NC@list=\toks14
\extratabsurround=\skip49
\backup@length=\skip50
))
(/usr/share/texlive/texmf-dist/tex/latex/base/fixltx2e.sty
Package: fixltx2e 2016/12/29 v2.1a fixes to LaTeX (obsolete)
Applying: [2015/01/01] Old fixltx2e package on input line 46.


Package fixltx2e Warning: fixltx2e is not required with releases after 2015
(fixltx2e)                All fixes are now in the LaTeX kernel.
(fixltx2e)                See the latexrelease package for details.

Already applied: [0000/00/00] Old fixltx2e package on input line 53.
) (./doxygen.sty
Package: doxygen 
 (/usr/share/texlive/texmf-dist/tex/latex/base/alltt.sty
Package: alltt 1997/06/16 v2.0g defines alltt environment
)
(/usr/share/texlive/texmf-dist/tex/latex/tools/calc.sty
Package: calc 2017/05/25 v4.3 Infix arithmetic (KKT,FJ)
\calc@Acount=\count176
\calc@Bcount=\count177
\calc@Adimen=\dimen137
\calc@Bdimen=\dimen138
\calc@Askip=\skip51
\calc@Bskip=\skip52
LaTeX Info: Redefining \setlength on input line 80.
LaTeX Info: Redefining \addtolength on input line 81.
\calc@Ccount=\count178
\calc@Cskip=\skip53
)
(/usr/share/texlive/texmf-dist/tex/latex/float/float.sty
Package: float 2001/11/08 v1.3d Float enhancements (AL)
\c@float@type=\count179
\float@exts=\toks15
\float@box=\box45
\@float@everytoks=\toks16
\@floatcapt=\box46
)
(/usr/share/texlive/texmf-dist/tex/latex/tools/verbatim.sty
Package: verbatim 2019/11/10 v1.5r LaTeX2e package for verbatim enhancements
\every@verbatim=\toks17
\verbatim@line=\toks18
\verbatim@in@stream=\read2
)
(/usr/share/texlive/texmf-dist/tex/latex/xcolor/xcolor.sty
Package: xcolor 2016/05/11 v2.12 LaTeX color extensions (UK)

(/usr/share/texlive/texmf-dist/tex/latex/graphics-cfg/color.cfg
File: color.cfg 2016/01/02 v1.6 sample color configuration
)
Package xcolor Info: Driver file: pdftex.def on input line 225.

(/usr/share/texlive/texmf-dist/tex/latex/graphics-def/pdftex.def
File: pdftex.def 2018/01/08 v1.0l Graphics/color driver for pdftex
)
(/usr/share/texlive/texmf-dist/tex/latex/colortbl/colortbl.sty
Package: colortbl 2020/01/04 v1.0e Color table columns (DPC)
\everycr=\toks19
\minrowclearance=\skip54
)
\rownum=\count180
Package xcolor Info: Model `cmy' substituted by `cmy0' on input line 1348.
Package xcolor Info: Model `hsb' substituted by `rgb' on input line 1352.
Package xcolor Info: Model `RGB' extended on input line 1364.
Package xcolor Info: Model `HTML' substituted by `rgb' on input line 1366.
Package xcolor Info: Model `Hsb' substituted by `hsb' on input line 1367.
Package xcolor Info: Model `tHsb' substituted by `hsb' on input line 1368.
Package xcolor Info: Model `HSB' substituted by `hsb' on input line 1369.
Package xcolor Info: Model `Gray' substituted by `gray' on input line 1370.
Package xcolor Info: Model `wave' substituted by `hsb' on input line 1371.
)
(./longtable_doxygen.sty
Package: longtable_doxygen 2014/10/28 v4.11 Multi-page Table package (DPC) - fr
ozen version for doxygen
\LTleft=\skip55
\LTright=\skip56
\LTpre=\skip57
\LTpost=\skip58
\LTchunksize=\count181
\LTcapwidth=\dimen139
\LT@head=\box47
\LT@firsthead=\box48
\LT@foot=\box49
\LT@lastfoot=\box50
\LT@cols=\count182
\LT@rows=\count183
\c@LT@tables=\count184
\c@LT@chunks=\count185
\LT@p@ftn=\toks20
) (./tabu_doxygen.sty
Package: tabu_doxygen 2011/02/26 v2.8 - flexible LaTeX tabulars (FC), frozen ve
rsion for doxygen

(/usr/share/texlive/texmf-dist/tex/latex/varwidth/varwidth.sty
Package: varwidth 2009/03/30 ver 0.92;  Variable-width minipages
\@vwid@box=\box51
\sift@deathcycles=\count186
\@vwid@loff=\dimen140
\@vwid@roff=\dimen141
)
\c@taburow=\count187
\tabu@nbcols=\count188
\tabu@cnt=\count189
\tabu@Xcol=\count190
\tabu@alloc=\count191
\tabu@nested=\count192
\tabu@target=\dimen142
\tabu@spreadtarget=\dimen143
\tabu@naturalX=\dimen144
\tabucolX=\dimen145
\tabu@Xsum=\dimen146
\extrarowdepth=\dimen147
\abovetabulinesep=\dimen148
\belowtabulinesep=\dimen149
\tabustrutrule=\dimen150
\tabu@thebody=\toks21
\tabu@footnotes=\toks22
\tabu@box=\box52
\tabu@arstrutbox=\box53
\tabu@hleads=\box54
\tabu@vleads=\box55
\tabu@cellskip=\skip59
)
(/usr/share/texlive/texmf-dist/tex/latex/fancyvrb/fancyvrb.sty
Package: fancyvrb 2020/01/13 v3.5 verbatim text (tvz,hv)

(/usr/share/texlive/texmf-dist/tex/latex/graphics/keyval.sty
Package: keyval 2014/10/28 v1.15 key=value parser (DPC)
\KV@toks@=\toks23
)
\FV@CodeLineNo=\count193
\FV@InFile=\read3
\FV@TabBox=\box56
\c@FancyVerbLine=\count194
\FV@StepNumber=\count195
\FV@OutFile=\write3
)
(/usr/share/texlive/texmf-dist/tex/latex/tools/tabularx.sty
Package: tabularx 2020/01/15 v2.11c `tabularx' package (DPC)
\TX@col@width=\dimen151
\TX@old@table=\dimen152
\TX@old@col=\dimen153
\TX@target=\dimen154
\TX@delta=\dimen155
\TX@cols=\count196
\TX@ftn=\toks24
)
(/usr/share/texlive/texmf-dist/tex/latex/tools/multicol.sty
Package: multicol 2019/12/09 v1.8y multicolumn formatting (FMi)
\c@tracingmulticols=\count197
\mult@box=\box57
\multicol@leftmargin=\dimen156
\c@unbalance=\count198
\c@collectmore=\count199
\doublecol@number=\count266
\multicoltolerance=\count267
\multicolpretolerance=\count268
\full@width=\dimen157
\page@free=\dimen158
\premulticols=\dimen159
\postmulticols=\dimen160
\multicolsep=\skip60
\multicolbaselineskip=\skip61
\partial@page=\box58
\last@line=\box59
\maxbalancingoverflow=\dimen161
\mult@rightbox=\box60
\mult@grightbox=\box61
\mult@gfirstbox=\box62
\mult@firstbox=\box63
\@tempa=\box64
\@tempa=\box65
\@tempa=\box66
\@tempa=\box67
\@tempa=\box68
\@tempa=\box69
\@tempa=\box70
\@tempa=\box71
\@tempa=\box72
\@tempa=\box73
\@tempa=\box74
\@tempa=\box75
\@tempa=\box76
\@tempa=\box77
\@tempa=\box78
\@tempa=\box79
\@tempa=\box80
\@tempa=\box81
\@tempa=\box82
\@tempa=\box83
\@tempa=\box84
\@tempa=\box85
\@tempa=\box86
\@tempa=\box87
\@tempa=\box88
\@tempa=\box89
\@tempa=\box90
\@tempa=\box91
\@tempa=\box92
\@tempa=\box93
\@tempa=\box94
\@tempa=\box95
\@tempa=\box96
\@tempa=\box97
\@tempa=\box98
\@tempa=\box99
\@tempa=\box100
\c@minrows=\count269
\c@columnbadness=\count270
\c@finalcolumnbadness=\count271
\last@try=\dimen162
\multicolovershoot=\dimen163
\multicolundershoot=\dimen164
\mult@nat@firstbox=\box101
\colbreak@box=\box102
\mc@col@check@num=\count272
)
(/usr/share/texlive/texmf-dist/tex/latex/multirow/multirow.sty
Package: multirow 2019/05/31 v2.5 Span multiple rows of a table
\multirow@colwidth=\skip62
\multirow@cntb=\count273
\multirow@dima=\skip63
\bigstrutjot=\dimen165
)
(/usr/share/texlive/texmf-dist/tex/latex/hanging/hanging.sty
Package: hanging 2009/09/02 v1.2b hanging paragraphs and punctuation
\h@ngcommawd=\skip64
\h@ngfstopwd=\skip65
\h@ngquotewd=\skip66
\h@ngdquotewd=\skip67
\h@ngquerywd=\skip68
\h@ngexclwd=\skip69
\h@ngcolonwd=\skip70
\h@ngscolonwd=\skip71
)
(/usr/share/texlive/texmf-dist/tex/generic/iftex/ifpdf.sty
Package: ifpdf 2019/10/25 v3.4 ifpdf legacy package. Use iftex instead.

(/usr/share/texlive/texmf-dist/tex/generic/iftex/iftex.sty
Package: iftex 2019/11/07 v1.0c TeX engine tests
))
(/usr/share/texlive/texmf-dist/tex/latex/adjustbox/adjustbox.sty
Package: adjustbox 2019/01/04 v1.2 Adjusting TeX boxes (trim, clip, ...)

(/usr/share/texlive/texmf-dist/tex/latex/xkeyval/xkeyval.sty
Package: xkeyval 2014/12/03 v2.7a package option processing (HA)

(/usr/share/texlive/texmf-dist/tex/generic/xkeyval/xkeyval.tex
(/usr/share/texlive/texmf-dist/tex/generic/xkeyval/xkvutils.tex
\XKV@toks=\toks25
\XKV@tempa@toks=\toks26
)
\XKV@depth=\count274
File: xkeyval.tex 2014/12/03 v2.7a key=value parser (HA)
))
(/usr/share/texlive/texmf-dist/tex/latex/adjustbox/adjcalc.sty
Package: adjcalc 2012/05/16 v1.1 Provides advanced setlength with multiple back
-ends (calc, etex, pgfmath)
)
(/usr/share/texlive/texmf-dist/tex/latex/adjustbox/trimclip.sty
Package: trimclip 2018/04/08 v1.1 Trim and clip general TeX material

(/usr/share/texlive/texmf-dist/tex/latex/graphics/graphicx.sty
Package: graphicx 2019/11/30 v1.2a Enhanced LaTeX Graphics (DPC,SPQR)

(/usr/share/texlive/texmf-dist/tex/latex/graphics/graphics.sty
Package: graphics 2019/11/30 v1.4a Standard LaTeX Graphics (DPC,SPQR)

(/usr/share/texlive/texmf-dist/tex/latex/graphics/trig.sty
Package: trig 2016/01/03 v1.10 sin cos tan (DPC)
)
(/usr/share/texlive/texmf-dist/tex/latex/graphics-cfg/graphics.cfg
File: graphics.cfg 2016/06/04 v1.11 sample graphics configuration
)
Package graphics Info: Driver file: pdftex.def on input line 105.
)
\Gin@req@height=\dimen166
\Gin@req@width=\dimen167
)
(/usr/share/texlive/texmf-dist/tex/latex/collectbox/collectbox.sty
Package: collectbox 2012/05/17 v0.4b Collect macro arguments as boxes
\collectedbox=\box103
)
\tc@llx=\dimen168
\tc@lly=\dimen169
\tc@urx=\dimen170
\tc@ury=\dimen171
Package trimclip Info: Using driver 'tc-pdftex.def'.

(/usr/share/texlive/texmf-dist/tex/latex/adjustbox/tc-pdftex.def
File: tc-pdftex.def 2019/01/04 v2.2 Clipping driver for pdftex
))
\adjbox@Width=\dimen172
\adjbox@Height=\dimen173
\adjbox@Depth=\dimen174
\adjbox@Totalheight=\dimen175
\adjbox@pwidth=\dimen176
\adjbox@pheight=\dimen177
\adjbox@pdepth=\dimen178
\adjbox@ptotalheight=\dimen179

(/usr/share/texlive/texmf-dist/tex/latex/ifoddpage/ifoddpage.sty
Package: ifoddpage 2016/04/23 v1.1 Conditionals for odd/even page detection
\c@checkoddpage=\count275
))
(/usr/share/texlive/texmf-dist/tex/latex/amsfonts/amssymb.sty
Package: amssymb 2013/01/14 v3.01 AMS font symbols

(/usr/share/texlive/texmf-dist/tex/latex/amsfonts/amsfonts.sty
Package: amsfonts 2013/01/14 v3.01 Basic AMSFonts support
\@emptytoks=\toks27
\symAMSa=\mathgroup4
\symAMSb=\mathgroup5
LaTeX Font Info:    Redeclaring math symbol \hbar on input line 98.
LaTeX Font Info:    Overwriting math alphabet `\mathfrak' in version `bold'
(Font)                  U/euf/m/n --> U/euf/b/n on input line 106.
))
(/usr/share/texlive/texmf-dist/tex/latex/stackengine/stackengine.sty
Package: stackengine 2017/02/13 v4.01\ Stacking text and objects in convenient 
ways

(/usr/share/texlive/texmf-dist/tex/latex/etoolbox/etoolbox.sty
Package: etoolbox 2019/09/21 v2.5h e-TeX tools for LaTeX (JAW)
\etb@tempcnta=\count276
)
(/usr/share/texlive/texmf-dist/tex/generic/listofitems/listofitems.sty
(/usr/share/texlive/texmf-dist/tex/generic/listofitems/listofitems.tex
\loi_cnt_foreach_nest=\count277
\loi_nestcnt=\count278
)
Package: listofitems 2019/08/21 v1.63 Grab items in lists using user-specified 
sep char (CT)
)
\c@@stackindex=\count279
\@boxshift=\skip72
\stack@tmplength=\skip73
\temp@stkl=\skip74
\@stackedboxwidth=\skip75
\@addedbox=\box104
\@anchorbox=\box105
\stackedbox=\box106
\@centerbox=\box107
\c@ROWcellindex@=\count280
)
(/usr/share/texlive/texmf-dist/tex/latex/enumitem/enumitem.sty
Package: enumitem 2019/06/20 v3.9 Customized lists
\labelindent=\skip76
\enit@outerparindent=\dimen180
\enit@toks=\toks28
\enit@inbox=\box108
\enit@count@id=\count281
\enitdp@description=\count282
)
(/usr/share/texlive/texmf-dist/tex/generic/alphalph/alphalph.sty
Package: alphalph 2019/12/09 v2.6 Convert numbers to letters (HO)

(/usr/share/texlive/texmf-dist/tex/generic/infwarerr/infwarerr.sty
Package: infwarerr 2019/12/03 v1.5 Providing info/warning/error messages (HO)
)
(/usr/share/texlive/texmf-dist/tex/generic/intcalc/intcalc.sty
Package: intcalc 2019/12/15 v1.3 Expandable calculations with integers (HO)
))
(/usr/share/texlive/texmf-dist/tex/generic/ulem/ulem.sty
\UL@box=\box109
\UL@hyphenbox=\box110
\UL@skip=\skip77
\UL@hook=\toks29
\UL@height=\dimen181
\UL@pe=\count283
\UL@pixel=\dimen182
\ULC@box=\box111
Package: ulem 2019/11/18
\ULdepth=\dimen183
)
\xrefbox=\box112
\xreflength=\skip78
\CodeWidthChar=\skip79
\CodeHeightChar=\skip80
\DoxyCodeWidth=\skip81
\c@DoxyEnumeratei=\count284
\c@DoxyEnumerateii=\count285
\c@DoxyEnumerateiii=\count286
\c@DoxyEnumerateiv=\count287
\c@DoxyEnumeratev=\count288
\c@DoxyEnumeratevi=\count289
\c@DoxyEnumeratevii=\count290
\c@DoxyEnumerateviii=\count291
\c@DoxyEnumerateix=\count292
\c@DoxyEnumeratex=\count293
\c@DoxyEnumeratexi=\count294
\c@DoxyEnumeratexii=\count295
\enitdp@DoxyEnumerate=\count296
\enitdp@DoxyItemize=\count297
)
(/usr/share/texlive/texmf-dist/tex/latex/base/inputenc.sty
Package: inputenc 2018/08/11 v1.3c Input encoding file
\inpenc@prehook=\toks30
\inpenc@posthook=\toks31
)
(/usr/share/texlive/texmf-dist/tex/latex/base/makeidx.sty
Package: makeidx 2014/09/29 v1.0m Standard LaTeX package
)
(/usr/share/texlive/texmf-dist/tex/latex/base/textcomp.sty
Package: textcomp 2020/02/02 v2.0n Standard LaTeX package
)
(/usr/share/texlive/texmf-dist/tex/latex/wasysym/wasysym.sty
Package: wasysym 2020/01/19 v2.4 Wasy-2 symbol support package
\symwasy=\mathgroup6
LaTeX Font Info:    Overwriting symbol font `wasy' in version `bold'
(Font)                  U/wasy/m/n --> U/wasy/b/n on input line 93.
)
(/usr/share/texlive/texmf-dist/tex/generic/iftex/ifxetex.sty
Package: ifxetex 2019/10/25 v0.7 ifxetex legacy package. Use iftex instead.
)
(/usr/share/texlive/texmf-dist/tex/generic/babel/babel.sty
Package: babel 2020/02/14 3.40 The Babel package

(/usr/share/texlive/texmf-dist/tex/generic/babel/switch.def
File: switch.def 2020/02/14 3.40 Babel switching mechanism
)

! Package babel Error: Unknown option `spanish'. Either you misspelled it
(babel)                or the language definition file spanish.ldf was not foun
d.

See the babel package documentation for explanation.
Type  H <return>  for immediate help.
 ...                                              
                                                  
l.542 \ProcessOptions*
                      
? 
Package babel Info: You haven't specified a language. I'll use 'nil'
(babel)             as the main language. Reported on input line 572.
(/usr/share/texlive/texmf-dist/tex/generic/babel/nil.ldf
Language: nil 2020/02/14 3.40 Nil language

(/usr/share/texlive/texmf-dist/tex/generic/babel/babel.def
File: babel.def 2020/02/14 3.40 Babel common definitions
\babel@savecnt=\count298
\U@D=\dimen184

(/usr/share/texlive/texmf-dist/tex/generic/babel/txtbabel.def)
\bbl@readstream=\read4
\bbl@dirlevel=\count299
)
\l@nil=\language3
))
(/usr/share/texlive/texmf-dist/tex/latex/base/fontenc.sty
Package: fontenc 2020/02/11 v2.0o Standard LaTeX package
)
(/usr/share/texlive/texmf-dist/tex/latex/psnfss/helvet.sty
Package: helvet 2005/04/12 PSNFSS-v9.2a (WaS) 
)
(/usr/share/texlive/texmf-dist/tex/latex/psnfss/courier.sty
Package: courier 2005/04/12 PSNFSS-v9.2a (WaS) 
)
(/usr/share/texlive/texmf-dist/tex/latex/sectsty/sectsty.sty
Package: sectsty 2002/02/25 v2.0.2 Commands to change all sectional heading sty
les


LaTeX Warning: Command \underbar  has changed.
               Check if current package is valid.


LaTeX Warning: Command \underline  has changed.
               Check if current package is valid.

) (/usr/share/texlive/texmf-dist/tex/latex/geometry/geometry.sty
Package: geometry 2020/01/02 v5.9 Page Geometry

(/usr/share/texlive/texmf-dist/tex/generic/iftex/ifvtex.sty
Package: ifvtex 2019/10/25 v1.7 ifvtex legacy package. Use iftex instead.
)
\Gm@cnth=\count300
\Gm@cntv=\count301
\c@Gm@tempcnt=\count302
\Gm@bindingoffset=\dimen185
\Gm@wd@mp=\dimen186
\Gm@odd@mp=\dimen187
\Gm@even@mp=\dimen188
\Gm@layoutwidth=\dimen189
\Gm@layoutheight=\dimen190
\Gm@layouthoffset=\dimen191
\Gm@layoutvoffset=\dimen192
\Gm@dimlist=\toks32
)
(/usr/share/texlive/texmf-dist/tex/latex/fancyhdr/fancyhdr.sty
Package: fancyhdr 2019/01/31 v3.10 Extensive control of page headers and footer
s
\f@nch@headwidth=\skip82
\f@nch@O@elh=\skip83
\f@nch@O@erh=\skip84
\f@nch@O@olh=\skip85
\f@nch@O@orh=\skip86
\f@nch@O@elf=\skip87
\f@nch@O@erf=\skip88
\f@nch@O@olf=\skip89
\f@nch@O@orf=\skip90
)
(/usr/share/texlive/texmf-dist/tex/latex/natbib/natbib.sty
Package: natbib 2010/09/13 8.31b (PWD, AO)
\bibhang=\skip91
\bibsep=\skip92
LaTeX Info: Redefining \cite on input line 694.
\c@NAT@ctr=\count303
)
(/usr/share/texlive/texmf-dist/tex/latex/tocloft/tocloft.sty
Package: tocloft 2017/08/31 v2.3i parameterised ToC, etc., typesetting
Package tocloft Info: The document has chapter divisions on input line 51.
\cftparskip=\skip93
\cftbeforetoctitleskip=\skip94
\cftaftertoctitleskip=\skip95
\cftbeforepartskip=\skip96
\cftpartnumwidth=\skip97
\cftpartindent=\skip98
\cftbeforechapskip=\skip99
\cftchapindent=\skip100
\cftchapnumwidth=\skip101
\cftbeforesecskip=\skip102
\cftsecindent=\skip103
\cftsecnumwidth=\skip104
\cftbeforesubsecskip=\skip105
\cftsubsecindent=\skip106
\cftsubsecnumwidth=\skip107
\cftbeforesubsubsecskip=\skip108
\cftsubsubsecindent=\skip109
\cftsubsubsecnumwidth=\skip110
\cftbeforeparaskip=\skip111
\cftparaindent=\skip112
\cftparanumwidth=\skip113
\cftbeforesubparaskip=\skip114
\cftsubparaindent=\skip115
\cftsubparanumwidth=\skip116
\cftbeforeloftitleskip=\skip117
\cftafterloftitleskip=\skip118
\cftbeforefigskip=\skip119
\cftfigindent=\skip120
\cftfignumwidth=\skip121
\c@lofdepth=\count304
\c@lotdepth=\count305
\cftbeforelottitleskip=\skip122
\cftafterlottitleskip=\skip123
\cftbeforetabskip=\skip124
\cfttabindent=\skip125
\cfttabnumwidth=\skip126
)
\@indexfile=\write4
\openout4 = `refman.idx'.


Writing index file refman.idx
(/usr/share/texlive/texmf-dist/tex/latex/newunicodechar/newunicodechar.sty
Package: newunicodechar 2018/04/08 v1.2 Defining Unicode characters
)

Package newunicodechar Warning: Redefining Unicode character on input line 117.



Package newunicodechar Warning: Redefining Unicode character on input line 118.


(/usr/share/texlive/texmf-dist/tex/latex/caption/caption.sty
Package: caption 2020/01/03 v3.4h Customizing captions (AR)

(/usr/share/texlive/texmf-dist/tex/latex/caption/caption3.sty
Package: caption3 2020/01/03 v1.8h caption3 kernel (AR)
Package caption3 Info: TeX engine: e-TeX on input line 61.
\captionmargin=\dimen193
\captionmargin@=\dimen194
\captionwidth=\dimen195
\caption@tempdima=\dimen196
\caption@indent=\dimen197
\caption@parindent=\dimen198
\caption@hangindent=\dimen199
Package caption Info: Standard document class detected.
)
\c@caption@flags=\count306
\c@continuedfloat=\count307
Package caption Info: float package is loaded.
Package caption Info: longtable package is loaded.

(/usr/share/texlive/texmf-dist/tex/latex/caption/ltcaption.sty
Package: ltcaption 2018/08/26 v1.4a longtable captions (AR)
))
(/usr/share/texlive/texmf-dist/tex/latex/etoc/etoc.sty
Package: etoc 2019/11/17 v1.09b Completely customisable TOCs (JFB)
\Etoc@toctoks=\toks33
\c@etoc@tocid=\count308
\c@etoc@tocdepth=\count309
\etoc@framed@titlebox=\box113
\etoc@framed@contentsbox=\box114
)
(/usr/share/texlive/texmf-dist/tex/latex/l3backend/l3backend-pdfmode.def
File: l3backend-pdfmode.def 2020-02-03 L3 backend support: PDF mode
\l__kernel_color_stack_int=\count310
\l__pdf_internal_box=\box115
)
No file refman.aux.
\openout1 = `refman.aux'.

LaTeX Font Info:    Checking defaults for OML/cmm/m/it on input line 135.
LaTeX Font Info:    ... okay on input line 135.
LaTeX Font Info:    Checking defaults for OMS/cmsy/m/n on input line 135.
LaTeX Font Info:    ... okay on input line 135.
LaTeX Font Info:    Checking defaults for OT1/cmr/m/n on input line 135.
LaTeX Font Info:    ... okay on input line 135.
LaTeX Font Info:    Checking defaults for T1/cmr/m/n on input line 135.
LaTeX Font Info:    ... okay on input line 135.
LaTeX Font Info:    Checking defaults for TS1/cmr/m/n on input line 135.
LaTeX Font Info:    ... okay on input line 135.
LaTeX Font Info:    Checking defaults for OMX/cmex/m/n on input line 135.
LaTeX Font Info:    ... okay on input line 135.
LaTeX Font Info:    Checking defaults for U/cmr/m/n on input line 135.
LaTeX Font Info:    ... okay on input line 135.
LaTeX Font Info:    Trying to load font information for T1+phv on input line 13
5.
(/usr/share/texlive/texmf-dist/tex/latex/psnfss/t1phv.fd
File: t1phv.fd 2001/06/04 scalable font definitions for T1/phv.
)
LaTeX Font Info:    Font shape `T1/phv/m/n' will be
(Font)              scaled to size 8.99994pt on input line 135.

(/usr/share/texlive/texmf-dist/tex/context/base/mkii/supp-pdf.mkii
[Loading MPS to PDF converter (version 2006.09.02).]
\scratchcounter=\count311
\scratchdimen=\dimen256
\scratchbox=\box116
\nofMPsegments=\count312
\nofMParguments=\count313
\everyMPshowfont=\toks34
\MPscratchCnt=\count314
\MPscratchDim=\dimen257
\MPnumerator=\count315
\makeMPintoPDFobject=\count316
\everyMPtoPDFconversion=\toks35
) (/usr/share/texlive/texmf-dist/tex/latex/epstopdf-pkg/epstopdf-base.sty
Package: epstopdf-base 2020-01-24 v2.11 Base part for package epstopdf
Package epstopdf-base Info: Redefining graphics rule for `.eps' on input line 4
85.

(/usr/share/texlive/texmf-dist/tex/latex/latexconfig/epstopdf-sys.cfg
File: epstopdf-sys.cfg 2010/07/13 v1.3 Configuration of (r)epstopdf for TeX Liv
e
))
*geometry* driver: auto-detecting
*geometry* detected driver: pdftex
*geometry* verbose mode - [ preamble ] result:
* driver: pdftex
* paper: a4paper
* layout: <same size as paper>
* layoutoffset:(h,v)=(0.0pt,0.0pt)
* modes: twoside 
* h-part:(L,W,R)=(71.13188pt, 455.24411pt, 71.13188pt)
* v-part:(T,H,B)=(71.13188pt, 702.78308pt, 71.13188pt)
* \paperwidth=597.50787pt
* \paperheight=845.04684pt
* \textwidth=455.24411pt
* \textheight=702.78308pt
* \oddsidemargin=-1.1381pt
* \evensidemargin=-1.1381pt
* \topmargin=-31.2056pt
* \headheight=12.0pt
* \headsep=18.06749pt
* \topskip=10.0pt
* \footskip=25.29494pt
* \marginparwidth=125.0pt
* \marginparsep=7.0pt
* \columnsep=10.0pt
* \skip\footins=9.0pt plus 4.0pt minus 2.0pt
* \hoffset=0.0pt
* \voffset=0.0pt
* \mag=1000
* \@twocolumnfalse
* \@twosidetrue
* \@mparswitchtrue
* \@reversemarginfalse
* (1in=72.27pt=25.4mm, 1cm=28.453pt)

Package caption Info: Begin \AtBeginDocument code.
Package caption Info: End \AtBeginDocument code.
No file refman.toc.
LaTeX Font Info:    Font shape `T1/phv/m/n' will be
(Font)              scaled to size 12.9599pt on input line 142.
LaTeX Font Info:    Font shape `T1/phv/m/n' will be
(Font)              scaled to size 10.79993pt on input line 144.
[1


{/var/lib/texmf/fonts/map/pdftex/updmap/pdftex.map}] [2

]
\tf@toc=\write5
\openout5 = `refman.toc'.


Chapter 1.
LaTeX Font Info:    Font shape `T1/phv/m/n' will be
(Font)              scaled to size 18.66588pt on input line 153.
LaTeX Font Info:    Font shape `T1/phv/b/n' will be
(Font)              scaled to size 18.66588pt on input line 153.
LaTeX Font Info:    Font shape `T1/phv/bc/n' will be
(Font)              scaled to size 18.66588pt on input line 153.
LaTeX Font Info:    Font shape `T1/phv/m/n' will be
(Font)              scaled to size 22.39185pt on input line 153.
LaTeX Font Info:    Font shape `T1/phv/b/n' will be
(Font)              scaled to size 22.39185pt on input line 153.
LaTeX Font Info:    Font shape `T1/phv/bc/n' will be
(Font)              scaled to size 22.39185pt on input line 153.
(./namespaces.tex
LaTeX Font Info:    Font shape `T1/phv/b/n' will be
(Font)              scaled to size 12.9599pt on input line 1.
LaTeX Font Info:    Font shape `T1/phv/m/n' will be
(Font)              scaled to size 6.29996pt on input line 2.
LaTeX Font Info:    Trying to load font information for U+msa on input line 2.
 (/usr/share/texlive/texmf-dist/tex/latex/amsfonts/umsa.fd
File: umsa.fd 2013/01/14 v3.01 AMS symbols A
)
LaTeX Font Info:    Trying to load font information for U+msb on input line 2.

(/usr/share/texlive/texmf-dist/tex/latex/amsfonts/umsb.fd
File: umsb.fd 2013/01/14 v3.01 AMS symbols B
)
LaTeX Font Info:    Trying to load font information for U+wasy on input line 2.


(/usr/share/texlive/texmf-dist/tex/latex/wasysym/uwasy.fd
File: uwasy.fd 2020/01/19 v2.4 Wasy-2 symbol font definitions
)
LaTeX Font Info:    Font shape `T1/phv/b/n' will be
(Font)              scaled to size 8.99994pt on input line 3.


LaTeX Warning: Reference `namespacetop' on page 1 undefined on input line 3.

)
LaTeX Font Info:    Font shape `T1/phv/b/n' will be
(Font)              scaled to size 6.29996pt on input line 155.
 [1


] [2

]
Chapter 2.
(./annotated.tex

LaTeX Warning: Reference `classtop_1_1main_t_o_p_t_w' on page 3 undefined on in
put line 3.


LaTeX Warning: Reference `classtop_1_1_t_o_p_t_w' on page 3 undefined on input 
line 4.


LaTeX Warning: Reference `classtop_1_1_t_o_p_t_w' on page 3 undefined on input 
line 4.


LaTeX Warning: Reference `classtop_1_1_t_o_p_t_w' on page 3 undefined on input 
line 4.


LaTeX Warning: Reference `classtop_1_1_t_o_p_t_w_evaluator' on page 3 undefined
 on input line 5.


LaTeX Warning: Reference `classtop_1_1_t_o_p_t_w_evaluator' on page 3 undefined
 on input line 5.


LaTeX Warning: Reference `classtop_1_1_t_o_p_t_w_evaluator' on page 3 undefined
 on input line 5.


LaTeX Warning: Reference `classtop_1_1_t_o_p_t_w_g_r_a_s_p' on page 3 undefined
 on input line 6.


LaTeX Warning: Reference `classtop_1_1_t_o_p_t_w_g_r_a_s_p' on page 3 undefined
 on input line 6.


LaTeX Warning: Reference `classtop_1_1_t_o_p_t_w_g_r_a_s_p' on page 3 undefined
 on input line 6.


LaTeX Warning: Reference `classtop_1_1_t_o_p_t_w' on page 3 undefined on input 
line 7.


LaTeX Warning: Reference `classtop_1_1_t_o_p_t_w_reader' on page 3 undefined on
 input line 7.


LaTeX Warning: Reference `classtop_1_1_t_o_p_t_w_reader' on page 3 undefined on
 input line 7.


LaTeX Warning: Reference `classtop_1_1_t_o_p_t_w_route' on page 3 undefined on 
input line 8.


LaTeX Warning: Reference `classtop_1_1_t_o_p_t_w_route' on page 3 undefined on 
input line 8.


LaTeX Warning: Reference `classtop_1_1_t_o_p_t_w_route' on page 3 undefined on 
input line 8.


LaTeX Warning: Reference `classtop_1_1_t_o_p_t_w_solution' on page 3 undefined 
on input line 9.


LaTeX Warning: Reference `classtop_1_1_t_o_p_t_w_solution' on page 3 undefined 
on input line 9.


LaTeX Warning: Reference `classtop_1_1_t_o_p_t_w_solution' on page 3 undefined 
on input line 9.

) [3] [4

]
Chapter 3.
(./files.tex

LaTeX Warning: Reference `main_t_o_p_t_w_8java' on page 5 undefined on input li
ne 3.


LaTeX Warning: Reference `_t_o_p_t_w_8java' on page 5 undefined on input line 4
.


LaTeX Warning: Reference `_t_o_p_t_w_evaluator_8java' on page 5 undefined on in
put line 5.


LaTeX Warning: Reference `_t_o_p_t_w_g_r_a_s_p_8java' on page 5 undefined on in
put line 6.


LaTeX Warning: Reference `_t_o_p_t_w_reader_8java' on page 5 undefined on input
 line 7.


LaTeX Warning: Reference `_t_o_p_t_w_route_8java' on page 5 undefined on input 
line 8.


LaTeX Warning: Reference `_t_o_p_t_w_solution_8java' on page 5 undefined on inp
ut line 9.

) [5] [6

]
Chapter 4.
(./namespacetop.tex
LaTeX Font Info:    Font shape `T1/phv/b/n' will be
(Font)              scaled to size 10.79993pt on input line 3.
LaTeX Font Info:    Trying to load font information for TS1+phv on input line 6
.
 (/usr/share/texlive/texmf-dist/tex/latex/psnfss/ts1phv.fd
File: ts1phv.fd 2001/06/04 scalable font definitions for TS1/phv.
)
LaTeX Font Info:    Font shape `TS1/phv/m/n' will be
(Font)              scaled to size 8.99994pt on input line 6.
LaTeX Font Info:    Font shape `T1/phv/m/n' will be
(Font)              scaled to size 8.09995pt on input line 9.
LaTeX Font Info:    Font shape `T1/phv/m/it' in size <9> not available
(Font)              Font shape `T1/phv/m/sl' tried instead on input line 9.
LaTeX Font Info:    Font shape `T1/phv/m/sl' will be
(Font)              scaled to size 8.09995pt on input line 9.
LaTeX Font Info:    Font shape `T1/phv/b/it' in size <9> not available
(Font)              Font shape `T1/phv/b/sl' tried instead on input line 9.
LaTeX Font Info:    Font shape `T1/phv/b/sl' will be
(Font)              scaled to size 8.09995pt on input line 9.
LaTeX Font Info:    Font shape `T1/phv/b/n' will be
(Font)              scaled to size 8.09995pt on input line 9.


LaTeX Warning: Reference `classtop_1_1_t_o_p_t_w' on page 7 undefined on input 
line 9.


LaTeX Warning: Reference `classtop_1_1_t_o_p_t_w' on page 7 undefined on input 
line 9.


LaTeX Warning: Reference `classtop_1_1_t_o_p_t_w_evaluator' on page 7 undefined
 on input line 11.


LaTeX Warning: Reference `classtop_1_1_t_o_p_t_w_evaluator' on page 7 undefined
 on input line 11.


LaTeX Warning: Reference `classtop_1_1_t_o_p_t_w_g_r_a_s_p' on page 7 undefined
 on input line 13.


LaTeX Warning: Reference `classtop_1_1_t_o_p_t_w_g_r_a_s_p' on page 7 undefined
 on input line 13.


LaTeX Warning: Reference `classtop_1_1_t_o_p_t_w' on page 7 undefined on input 
line 15.


LaTeX Warning: Reference `classtop_1_1_t_o_p_t_w_reader' on page 7 undefined on
 input line 15.


LaTeX Warning: Reference `classtop_1_1_t_o_p_t_w_route' on page 7 undefined on 
input line 17.


LaTeX Warning: Reference `classtop_1_1_t_o_p_t_w_route' on page 7 undefined on 
input line 17.


LaTeX Warning: Reference `classtop_1_1_t_o_p_t_w_solution' on page 7 undefined 
on input line 19.


LaTeX Warning: Reference `classtop_1_1_t_o_p_t_w_solution' on page 7 undefined 
on input line 19.

) [7] [8

]
Chapter 5.
(./classtop_1_1main_t_o_p_t_w.tex

Package longtable Warning: Column widths have changed
(longtable)                in table 5.1 on input line 15.

LaTeX Font Info:    Font shape `T1/phv/m/n' will be
(Font)              scaled to size 7.19995pt on input line 23.
LaTeX Font Info:    Trying to load font information for T1+pcr on input line 23
.
(/usr/share/texlive/texmf-dist/tex/latex/psnfss/t1pcr.fd
File: t1pcr.fd 2001/06/04 font definitions for T1/pcr.
)
LaTeX Font Info:    Font shape `T1/pcr/m/it' in size <8> not available
(Font)              Font shape `T1/pcr/m/sl' tried instead on input line 23.
 <./classtop_1_1main_t_o_p_t_w_a6b155cf80c78f50335adf5a91762e0eb_cgraph.pdf

pdfTeX warning: pdflatex (file ./classtop_1_1main_t_o_p_t_w_a6b155cf80c78f50335
adf5a91762e0eb_cgraph.pdf): PDF inclusion: multiple pdfs with page group includ
ed in a single page
>
<classtop_1_1main_t_o_p_t_w_a6b155cf80c78f50335adf5a91762e0eb_cgraph.pdf, id=39
, 1392.20125pt x 1104.125pt>
File: classtop_1_1main_t_o_p_t_w_a6b155cf80c78f50335adf5a91762e0eb_cgraph.pdf G
raphic file (type pdf)
<use classtop_1_1main_t_o_p_t_w_a6b155cf80c78f50335adf5a91762e0eb_cgraph.pdf>
Package pdftex.def Info: classtop_1_1main_t_o_p_t_w_a6b155cf80c78f50335adf5a917
62e0eb_cgraph.pdf  used on input line 30.
(pdftex.def)             Requested size: 350.0pt x 277.5637pt.
 [9]) (./classtop_1_1_t_o_p_t_w.tex

LaTeX Warning: Reference `classtop_1_1_t_o_p_t_w' on page 10 undefined on input
 line 5.


LaTeX Warning: Reference `classtop_1_1_t_o_p_t_w' on page 10 undefined on input
 line 5.

[10]

LaTeX Warning: Reference `classtop_1_1_t_o_p_t_w' on page 11 undefined on input
 line 78.


LaTeX Warning: Reference `classtop_1_1_t_o_p_t_w' on page 11 undefined on input
 line 78.


Package longtable Warning: Column widths have changed
(longtable)                in table 5.2 on input line 97.


Overfull \vbox (17.35129pt too high) has occurred while \output is active []


[11] <./classtop_1_1_t_o_p_t_w_abc8ba9eecbd30ef1941a21418259045f_icgraph.pdf

pdfTeX warning: pdflatex (file ./classtop_1_1_t_o_p_t_w_abc8ba9eecbd30ef1941a21
418259045f_icgraph.pdf): PDF inclusion: multiple pdfs with page group included 
in a single page
>
<classtop_1_1_t_o_p_t_w_abc8ba9eecbd30ef1941a21418259045f_icgraph.pdf, id=61, 3
98.48875pt x 99.37125pt>
File: classtop_1_1_t_o_p_t_w_abc8ba9eecbd30ef1941a21418259045f_icgraph.pdf Grap
hic file (type pdf)
<use classtop_1_1_t_o_p_t_w_abc8ba9eecbd30ef1941a21418259045f_icgraph.pdf>
Package pdftex.def Info: classtop_1_1_t_o_p_t_w_abc8ba9eecbd30ef1941a2141825904
5f_icgraph.pdf  used on input line 117.
(pdftex.def)             Requested size: 350.0pt x 87.2832pt.

Underfull \hbox (badness 10000) detected at line 130
[][][]
 []

 <./classtop_1_1_t_o_p_t_w_ad541e0a7d1aafc2b061e024c066dd662_icgraph.pdf

pdfTeX warning: pdflatex (file ./classtop_1_1_t_o_p_t_w_ad541e0a7d1aafc2b061e02
4c066dd662_icgraph.pdf): PDF inclusion: multiple pdfs with page group included 
in a single page
>
<classtop_1_1_t_o_p_t_w_ad541e0a7d1aafc2b061e024c066dd662_icgraph.pdf, id=69, 5
71.13374pt x 110.4125pt>
File: classtop_1_1_t_o_p_t_w_ad541e0a7d1aafc2b061e024c066dd662_icgraph.pdf Grap
hic file (type pdf)
<use classtop_1_1_t_o_p_t_w_ad541e0a7d1aafc2b061e024c066dd662_icgraph.pdf>
Package pdftex.def Info: classtop_1_1_t_o_p_t_w_ad541e0a7d1aafc2b061e024c066dd6
62_icgraph.pdf  used on input line 138.
(pdftex.def)             Requested size: 350.0pt x 67.6632pt.
LaTeX Font Info:    Font shape `T1/phv/b/n' will be
(Font)              scaled to size 7.19995pt on input line 144.
 [12]

Package longtable Warning: Column widths have changed
(longtable)                in table 5.3 on input line 155.


Underfull \hbox (badness 10000) detected at line 156
[][][]
 []

 <./classtop_1_1_t_o_p_t_w_a8e1710d766a0093f967bd89068649be7_cgraph.pdf>
<classtop_1_1_t_o_p_t_w_a8e1710d766a0093f967bd89068649be7_cgraph.pdf, id=83, 36
1.35pt x 117.43875pt>
File: classtop_1_1_t_o_p_t_w_a8e1710d766a0093f967bd89068649be7_cgraph.pdf Graph
ic file (type pdf)
<use classtop_1_1_t_o_p_t_w_a8e1710d766a0093f967bd89068649be7_cgraph.pdf>
Package pdftex.def Info: classtop_1_1_t_o_p_t_w_a8e1710d766a0093f967bd89068649b
e7_cgraph.pdf  used on input line 164.
(pdftex.def)             Requested size: 350.0pt x 113.75056pt.


Package longtable Warning: Column widths have changed
(longtable)                in table 5.4 on input line 181.


Underfull \hbox (badness 10000) detected at line 182
[][][]
 []

 <./classtop_1_1_t_o_p_t_w_a2a0ad21770084fd267f05607d122a59a_cgraph.pdf

pdfTeX warning: pdflatex (file ./classtop_1_1_t_o_p_t_w_a2a0ad21770084fd267f056
07d122a59a_cgraph.pdf): PDF inclusion: multiple pdfs with page group included i
n a single page
>
<classtop_1_1_t_o_p_t_w_a2a0ad21770084fd267f05607d122a59a_cgraph.pdf, id=91, 36
1.35pt x 117.43875pt>
File: classtop_1_1_t_o_p_t_w_a2a0ad21770084fd267f05607d122a59a_cgraph.pdf Graph
ic file (type pdf)
<use classtop_1_1_t_o_p_t_w_a2a0ad21770084fd267f05607d122a59a_cgraph.pdf>
Package pdftex.def Info: classtop_1_1_t_o_p_t_w_a2a0ad21770084fd267f05607d122a5
9a_cgraph.pdf  used on input line 190.
(pdftex.def)             Requested size: 350.0pt x 113.75056pt.
 [13] <./classtop_1_1_t_o_p_t_w_aa48886efb5544475f15787bf2bee9242_cgraph.pdf>
<classtop_1_1_t_o_p_t_w_aa48886efb5544475f15787bf2bee9242_cgraph.pdf, id=103, 3
43.2825pt x 99.37125pt>
File: classtop_1_1_t_o_p_t_w_aa48886efb5544475f15787bf2bee9242_cgraph.pdf Graph
ic file (type pdf)
<use classtop_1_1_t_o_p_t_w_aa48886efb5544475f15787bf2bee9242_cgraph.pdf>
Package pdftex.def Info: classtop_1_1_t_o_p_t_w_aa48886efb5544475f15787bf2bee92
42_cgraph.pdf  used on input line 204.
(pdftex.def)             Requested size: 342.0pt x 98.99951pt.


Package longtable Warning: Column widths have changed
(longtable)                in table 5.5 on input line 221.


Underfull \hbox (badness 10000) detected at line 222
[][][]
 []

 <./classtop_1_1_t_o_p_t_w_a137f100c5711b4b93cb5ae1711ddaf9a_cgraph.pdf

pdfTeX warning: pdflatex (file ./classtop_1_1_t_o_p_t_w_a137f100c5711b4b93cb5ae
1711ddaf9a_cgraph.pdf): PDF inclusion: multiple pdfs with page group included i
n a single page
>
<classtop_1_1_t_o_p_t_w_a137f100c5711b4b93cb5ae1711ddaf9a_cgraph.pdf, id=111, 2
02.7575pt x 117.43875pt>
File: classtop_1_1_t_o_p_t_w_a137f100c5711b4b93cb5ae1711ddaf9a_cgraph.pdf Graph
ic file (type pdf)
<use classtop_1_1_t_o_p_t_w_a137f100c5711b4b93cb5ae1711ddaf9a_cgraph.pdf>
Package pdftex.def Info: classtop_1_1_t_o_p_t_w_a137f100c5711b4b93cb5ae1711ddaf
9a_cgraph.pdf  used on input line 230.
(pdftex.def)             Requested size: 202.0pt x 117.00299pt.
 <./classtop_1_1_t_o_p_t_w_a137f100c5711b4b93cb5ae1711ddaf9a_icgraph.pdf

pdfTeX warning: pdflatex (file ./classtop_1_1_t_o_p_t_w_a137f100c5711b4b93cb5ae
1711ddaf9a_icgraph.pdf): PDF inclusion: multiple pdfs with page group included 
in a single page
>
<classtop_1_1_t_o_p_t_w_a137f100c5711b4b93cb5ae1711ddaf9a_icgraph.pdf, id=119, 
1141.26375pt x 191.71625pt>
File: classtop_1_1_t_o_p_t_w_a137f100c5711b4b93cb5ae1711ddaf9a_icgraph.pdf Grap
hic file (type pdf)
<use classtop_1_1_t_o_p_t_w_a137f100c5711b4b93cb5ae1711ddaf9a_icgraph.pdf>
Package pdftex.def Info: classtop_1_1_t_o_p_t_w_a137f100c5711b4b93cb5ae1711ddaf
9a_icgraph.pdf  used on input line 238.
(pdftex.def)             Requested size: 350.0pt x 58.79369pt.
 [14] <./classtop_1_1_t_o_p_t_w_a0d14aca2e33a8fb1eb08013c3d55abfa_cgraph.pdf>
<classtop_1_1_t_o_p_t_w_a0d14aca2e33a8fb1eb08013c3d55abfa_cgraph.pdf, id=131, 3
43.2825pt x 99.37125pt>
File: classtop_1_1_t_o_p_t_w_a0d14aca2e33a8fb1eb08013c3d55abfa_cgraph.pdf Graph
ic file (type pdf)
<use classtop_1_1_t_o_p_t_w_a0d14aca2e33a8fb1eb08013c3d55abfa_cgraph.pdf>
Package pdftex.def Info: classtop_1_1_t_o_p_t_w_a0d14aca2e33a8fb1eb08013c3d55ab
fa_cgraph.pdf  used on input line 252.
(pdftex.def)             Requested size: 342.0pt x 98.99951pt.
 <./classtop_1_1_t_o_p_t_w_a0d14aca2e33a8fb1eb08013c3d55abfa_icgraph.pdf

pdfTeX warning: pdflatex (file ./classtop_1_1_t_o_p_t_w_a0d14aca2e33a8fb1eb0801
3c3d55abfa_icgraph.pdf): PDF inclusion: multiple pdfs with page group included 
in a single page
>
<classtop_1_1_t_o_p_t_w_a0d14aca2e33a8fb1eb08013c3d55abfa_icgraph.pdf, id=139, 
962.59625pt x 193.72375pt>
File: classtop_1_1_t_o_p_t_w_a0d14aca2e33a8fb1eb08013c3d55abfa_icgraph.pdf Grap
hic file (type pdf)
<use classtop_1_1_t_o_p_t_w_a0d14aca2e33a8fb1eb08013c3d55abfa_icgraph.pdf>
Package pdftex.def Info: classtop_1_1_t_o_p_t_w_a0d14aca2e33a8fb1eb08013c3d55ab
fa_icgraph.pdf  used on input line 260.
(pdftex.def)             Requested size: 350.0pt x 70.43513pt.

Underfull \hbox (badness 10000) detected at line 273
[][][]
 []

 <./classtop_1_1_t_o_p_t_w_a2880cd94f79a8eeb732e99af69cdbbde_icgraph.pdf

pdfTeX warning: pdflatex (file ./classtop_1_1_t_o_p_t_w_a2880cd94f79a8eeb732e99
af69cdbbde_icgraph.pdf): PDF inclusion: multiple pdfs with page group included 
in a single page
>
<classtop_1_1_t_o_p_t_w_a2880cd94f79a8eeb732e99af69cdbbde_icgraph.pdf, id=147, 
711.65875pt x 110.4125pt>
File: classtop_1_1_t_o_p_t_w_a2880cd94f79a8eeb732e99af69cdbbde_icgraph.pdf Grap
hic file (type pdf)
<use classtop_1_1_t_o_p_t_w_a2880cd94f79a8eeb732e99af69cdbbde_icgraph.pdf>
Package pdftex.def Info: classtop_1_1_t_o_p_t_w_a2880cd94f79a8eeb732e99af69cdbb
de_icgraph.pdf  used on input line 281.
(pdftex.def)             Requested size: 350.0pt x 54.30139pt.
 [15]
Underfull \hbox (badness 10000) detected at line 294
[][][]
 []

 <./classtop_1_1_t_o_p_t_w_a9363c6b94f247ce746510fe1036d143a_icgraph.pdf>
<classtop_1_1_t_o_p_t_w_a9363c6b94f247ce746510fe1036d143a_icgraph.pdf, id=159, 
988.69376pt x 158.5925pt>
File: classtop_1_1_t_o_p_t_w_a9363c6b94f247ce746510fe1036d143a_icgraph.pdf Grap
hic file (type pdf)
<use classtop_1_1_t_o_p_t_w_a9363c6b94f247ce746510fe1036d143a_icgraph.pdf>
Package pdftex.def Info: classtop_1_1_t_o_p_t_w_a9363c6b94f247ce746510fe1036d14
3a_icgraph.pdf  used on input line 302.
(pdftex.def)             Requested size: 350.0pt x 56.14221pt.
 <./classtop_1_1_t_o_p_t_w_a98907c6bbeba9aba86727ecad5058261_icgraph.pdf

pdfTeX warning: pdflatex (file ./classtop_1_1_t_o_p_t_w_a98907c6bbeba9aba86727e
cad5058261_icgraph.pdf): PDF inclusion: multiple pdfs with page group included 
in a single page
>
<classtop_1_1_t_o_p_t_w_a98907c6bbeba9aba86727ecad5058261_icgraph.pdf, id=167, 
952.55875pt x 253.94875pt>
File: classtop_1_1_t_o_p_t_w_a98907c6bbeba9aba86727ecad5058261_icgraph.pdf Grap
hic file (type pdf)
<use classtop_1_1_t_o_p_t_w_a98907c6bbeba9aba86727ecad5058261_icgraph.pdf>
Package pdftex.def Info: classtop_1_1_t_o_p_t_w_a98907c6bbeba9aba86727ecad50582
61_icgraph.pdf  used on input line 322.
(pdftex.def)             Requested size: 350.0pt x 93.30856pt.
 <./classtop_1_1_t_o_p_t_w_a4e74b10708b232a801a4ad147892b70a_cgraph.pdf

pdfTeX warning: pdflatex (file ./classtop_1_1_t_o_p_t_w_a4e74b10708b232a801a4ad
147892b70a_cgraph.pdf): PDF inclusion: multiple pdfs with page group included i
n a single page
>
<classtop_1_1_t_o_p_t_w_a4e74b10708b232a801a4ad147892b70a_cgraph.pdf, id=176, 3
54.32375pt x 99.37125pt>
File: classtop_1_1_t_o_p_t_w_a4e74b10708b232a801a4ad147892b70a_cgraph.pdf Graph
ic file (type pdf)
<use classtop_1_1_t_o_p_t_w_a4e74b10708b232a801a4ad147892b70a_cgraph.pdf>
Package pdftex.def Info: classtop_1_1_t_o_p_t_w_a4e74b10708b232a801a4ad147892b7
0a_cgraph.pdf  used on input line 336.
(pdftex.def)             Requested size: 350.0pt x 98.161pt.
 <./classtop_1_1_t_o_p_t_w_a4e74b10708b232a801a4ad147892b70a_icgraph.pdf

pdfTeX warning: pdflatex (file ./classtop_1_1_t_o_p_t_w_a4e74b10708b232a801a4ad
147892b70a_icgraph.pdf): PDF inclusion: multiple pdfs with page group included 
in a single page
>
<classtop_1_1_t_o_p_t_w_a4e74b10708b232a801a4ad147892b70a_icgraph.pdf, id=184, 
957.5775pt x 191.71625pt>
File: classtop_1_1_t_o_p_t_w_a4e74b10708b232a801a4ad147892b70a_icgraph.pdf Grap
hic file (type pdf)
<use classtop_1_1_t_o_p_t_w_a4e74b10708b232a801a4ad147892b70a_icgraph.pdf>
Package pdftex.def Info: classtop_1_1_t_o_p_t_w_a4e74b10708b232a801a4ad147892b7
0a_icgraph.pdf  used on input line 344.
(pdftex.def)             Requested size: 350.0pt x 70.07384pt.
 [16] <./classtop_1_1_t_o_p_t_w_ad028d42f72214373efca074483462837_cgraph.pdf>
<classtop_1_1_t_o_p_t_w_ad028d42f72214373efca074483462837_cgraph.pdf, id=196, 3
31.2375pt x 99.37125pt>
File: classtop_1_1_t_o_p_t_w_ad028d42f72214373efca074483462837_cgraph.pdf Graph
ic file (type pdf)
<use classtop_1_1_t_o_p_t_w_ad028d42f72214373efca074483462837_cgraph.pdf>
Package pdftex.def Info: classtop_1_1_t_o_p_t_w_ad028d42f72214373efca0744834628
37_cgraph.pdf  used on input line 364.
(pdftex.def)             Requested size: 330.0pt x 99.00406pt.
 <./classtop_1_1_t_o_p_t_w_ad028d42f72214373efca074483462837_icgraph.pdf

pdfTeX warning: pdflatex (file ./classtop_1_1_t_o_p_t_w_ad028d42f72214373efca07
4483462837_icgraph.pdf): PDF inclusion: multiple pdfs with page group included 
in a single page
>
<classtop_1_1_t_o_p_t_w_ad028d42f72214373efca074483462837_icgraph.pdf, id=204, 
1134.2375pt x 296.10625pt>
File: classtop_1_1_t_o_p_t_w_ad028d42f72214373efca074483462837_icgraph.pdf Grap
hic file (type pdf)
<use classtop_1_1_t_o_p_t_w_ad028d42f72214373efca074483462837_icgraph.pdf>
Package pdftex.def Info: classtop_1_1_t_o_p_t_w_ad028d42f72214373efca0744834628
37_icgraph.pdf  used on input line 372.
(pdftex.def)             Requested size: 350.0pt x 91.37178pt.
 [17] <./classtop_1_1_t_o_p_t_w_a06b2b40d137f16bdda21c734d3ea8ac7_cgraph.pdf>
<classtop_1_1_t_o_p_t_w_a06b2b40d137f16bdda21c734d3ea8ac7_cgraph.pdf, id=217, 3
58.33875pt x 99.37125pt>
File: classtop_1_1_t_o_p_t_w_a06b2b40d137f16bdda21c734d3ea8ac7_cgraph.pdf Graph
ic file (type pdf)
<use classtop_1_1_t_o_p_t_w_a06b2b40d137f16bdda21c734d3ea8ac7_cgraph.pdf>
Package pdftex.def Info: classtop_1_1_t_o_p_t_w_a06b2b40d137f16bdda21c734d3ea8a
c7_cgraph.pdf  used on input line 386.
(pdftex.def)             Requested size: 350.0pt x 97.06473pt.
 <./classtop_1_1_t_o_p_t_w_a06b2b40d137f16bdda21c734d3ea8ac7_icgraph.pdf

pdfTeX warning: pdflatex (file ./classtop_1_1_t_o_p_t_w_a06b2b40d137f16bdda21c7
34d3ea8ac7_icgraph.pdf): PDF inclusion: multiple pdfs with page group included 
in a single page
>
<classtop_1_1_t_o_p_t_w_a06b2b40d137f16bdda21c734d3ea8ac7_icgraph.pdf, id=225, 
961.5925pt x 191.71625pt>
File: classtop_1_1_t_o_p_t_w_a06b2b40d137f16bdda21c734d3ea8ac7_icgraph.pdf Grap
hic file (type pdf)
<use classtop_1_1_t_o_p_t_w_a06b2b40d137f16bdda21c734d3ea8ac7_icgraph.pdf>
Package pdftex.def Info: classtop_1_1_t_o_p_t_w_a06b2b40d137f16bdda21c734d3ea8a
c7_icgraph.pdf  used on input line 394.
(pdftex.def)             Requested size: 350.0pt x 69.78131pt.
 <./classtop_1_1_t_o_p_t_w_a3f724d2f10d5174c70748449a291ad86_cgraph.pdf

pdfTeX warning: pdflatex (file ./classtop_1_1_t_o_p_t_w_a3f724d2f10d5174c707484
49a291ad86_cgraph.pdf): PDF inclusion: multiple pdfs with page group included i
n a single page
>
<classtop_1_1_t_o_p_t_w_a3f724d2f10d5174c70748449a291ad86_cgraph.pdf, id=233, 3
26.21875pt x 99.37125pt>
File: classtop_1_1_t_o_p_t_w_a3f724d2f10d5174c70748449a291ad86_cgraph.pdf Graph
ic file (type pdf)
<use classtop_1_1_t_o_p_t_w_a3f724d2f10d5174c70748449a291ad86_cgraph.pdf>
Package pdftex.def Info: classtop_1_1_t_o_p_t_w_a3f724d2f10d5174c70748449a291ad
86_cgraph.pdf  used on input line 408.
(pdftex.def)             Requested size: 325.0pt x 99.0086pt.
 [18] <./classtop_1_1_t_o_p_t_w_abfba541876921de9ec5a63373c056446_icgraph.pdf>
<classtop_1_1_t_o_p_t_w_abfba541876921de9ec5a63373c056446_icgraph.pdf, id=245, 
1159.33125pt x 386.44376pt>
File: classtop_1_1_t_o_p_t_w_abfba541876921de9ec5a63373c056446_icgraph.pdf Grap
hic file (type pdf)
<use classtop_1_1_t_o_p_t_w_abfba541876921de9ec5a63373c056446_icgraph.pdf>
Package pdftex.def Info: classtop_1_1_t_o_p_t_w_abfba541876921de9ec5a63373c0564
46_icgraph.pdf  used on input line 422.
(pdftex.def)             Requested size: 350.0pt x 116.66519pt.
 <./classtop_1_1_t_o_p_t_w_ab17563354a34944d14e4ac57f6613da6_cgraph.pdf

pdfTeX warning: pdflatex (file ./classtop_1_1_t_o_p_t_w_ab17563354a34944d14e4ac
57f6613da6_cgraph.pdf): PDF inclusion: multiple pdfs with page group included i
n a single page
>
<classtop_1_1_t_o_p_t_w_ab17563354a34944d14e4ac57f6613da6_cgraph.pdf, id=253, 3
10.15875pt x 99.37125pt>
File: classtop_1_1_t_o_p_t_w_ab17563354a34944d14e4ac57f6613da6_cgraph.pdf Graph
ic file (type pdf)
<use classtop_1_1_t_o_p_t_w_ab17563354a34944d14e4ac57f6613da6_cgraph.pdf>
Package pdftex.def Info: classtop_1_1_t_o_p_t_w_ab17563354a34944d14e4ac57f6613d
a6_cgraph.pdf  used on input line 436.
(pdftex.def)             Requested size: 309.0pt x 98.99951pt.
 <./classtop_1_1_t_o_p_t_w_ab17563354a34944d14e4ac57f6613da6_icgraph.pdf

pdfTeX warning: pdflatex (file ./classtop_1_1_t_o_p_t_w_ab17563354a34944d14e4ac
57f6613da6_icgraph.pdf): PDF inclusion: multiple pdfs with page group included 
in a single page
>
<classtop_1_1_t_o_p_t_w_ab17563354a34944d14e4ac57f6613da6_icgraph.pdf, id=261, 
666.49pt x 110.4125pt>
File: classtop_1_1_t_o_p_t_w_ab17563354a34944d14e4ac57f6613da6_icgraph.pdf Grap
hic file (type pdf)
<use classtop_1_1_t_o_p_t_w_ab17563354a34944d14e4ac57f6613da6_icgraph.pdf>
Package pdftex.def Info: classtop_1_1_t_o_p_t_w_ab17563354a34944d14e4ac57f6613d
a6_icgraph.pdf  used on input line 444.
(pdftex.def)             Requested size: 350.0pt x 57.98257pt.
 [19] <./classtop_1_1_t_o_p_t_w_a3a39395dfc3d6360273580f177bede7a_cgraph.pdf>
<classtop_1_1_t_o_p_t_w_a3a39395dfc3d6360273580f177bede7a_cgraph.pdf, id=273, 3
12.16624pt x 99.37125pt>
File: classtop_1_1_t_o_p_t_w_a3a39395dfc3d6360273580f177bede7a_cgraph.pdf Graph
ic file (type pdf)
<use classtop_1_1_t_o_p_t_w_a3a39395dfc3d6360273580f177bede7a_cgraph.pdf>
Package pdftex.def Info: classtop_1_1_t_o_p_t_w_a3a39395dfc3d6360273580f177bede
7a_cgraph.pdf  used on input line 458.
(pdftex.def)             Requested size: 311.0pt x 99.00253pt.
 <./classtop_1_1_t_o_p_t_w_a3a39395dfc3d6360273580f177bede7a_icgraph.pdf

pdfTeX warning: pdflatex (file ./classtop_1_1_t_o_p_t_w_a3a39395dfc3d6360273580
f177bede7a_icgraph.pdf): PDF inclusion: multiple pdfs with page group included 
in a single page
>
<classtop_1_1_t_o_p_t_w_a3a39395dfc3d6360273580f177bede7a_icgraph.pdf, id=281, 
668.4975pt x 110.4125pt>
File: classtop_1_1_t_o_p_t_w_a3a39395dfc3d6360273580f177bede7a_icgraph.pdf Grap
hic file (type pdf)
<use classtop_1_1_t_o_p_t_w_a3a39395dfc3d6360273580f177bede7a_icgraph.pdf>
Package pdftex.def Info: classtop_1_1_t_o_p_t_w_a3a39395dfc3d6360273580f177bede
7a_icgraph.pdf  used on input line 466.
(pdftex.def)             Requested size: 350.0pt x 57.80905pt.


Package longtable Warning: Column widths have changed
(longtable)                in table 5.6 on input line 483.

[20]
Underfull \hbox (badness 10000) detected at line 484
[][][]
 []

 <./classtop_1_1_t_o_p_t_w_a642e958056dc77c10d72831d633e2f49_icgraph.pdf>
<classtop_1_1_t_o_p_t_w_a642e958056dc77c10d72831d633e2f49_icgraph.pdf, id=293, 
1307.88625pt x 430.60875pt>
File: classtop_1_1_t_o_p_t_w_a642e958056dc77c10d72831d633e2f49_icgraph.pdf Grap
hic file (type pdf)
<use classtop_1_1_t_o_p_t_w_a642e958056dc77c10d72831d633e2f49_icgraph.pdf>
Package pdftex.def Info: classtop_1_1_t_o_p_t_w_a642e958056dc77c10d72831d633e2f
49_icgraph.pdf  used on input line 492.
(pdftex.def)             Requested size: 350.0pt x 115.23433pt.
LaTeX Font Info:    Font shape `T1/pcr/m/it' in size <7> not available
(Font)              Font shape `T1/pcr/m/sl' tried instead on input line 499.
 <./classtop_1_1_t_o_p_t_w_a0576cf2e4c066aae858a2487ada18785_icgraph.pdf

pdfTeX warning: pdflatex (file ./classtop_1_1_t_o_p_t_w_a0576cf2e4c066aae858a24
87ada18785_icgraph.pdf): PDF inclusion: multiple pdfs with page group included 
in a single page
>
<classtop_1_1_t_o_p_t_w_a0576cf2e4c066aae858a2487ada18785_icgraph.pdf, id=301, 
545.03625pt x 99.37125pt>
File: classtop_1_1_t_o_p_t_w_a0576cf2e4c066aae858a2487ada18785_icgraph.pdf Grap
hic file (type pdf)
<use classtop_1_1_t_o_p_t_w_a0576cf2e4c066aae858a2487ada18785_icgraph.pdf>
Package pdftex.def Info: classtop_1_1_t_o_p_t_w_a0576cf2e4c066aae858a2487ada187
85_icgraph.pdf  used on input line 506.
(pdftex.def)             Requested size: 350.0pt x 63.81117pt.


Package longtable Warning: Column widths have changed
(longtable)                in table 5.7 on input line 523.

[21]

Package longtable Warning: Column widths have changed
(longtable)                in table 5.8 on input line 538.

 <./classtop_1_1_t_o_p_t_w_afbe8fd7e4e3b3d702768e01643558ddf_icgraph.pdf>
<classtop_1_1_t_o_p_t_w_afbe8fd7e4e3b3d702768e01643558ddf_icgraph.pdf, id=313, 
587.19376pt x 99.37125pt>
File: classtop_1_1_t_o_p_t_w_afbe8fd7e4e3b3d702768e01643558ddf_icgraph.pdf Grap
hic file (type pdf)
<use classtop_1_1_t_o_p_t_w_afbe8fd7e4e3b3d702768e01643558ddf_icgraph.pdf>
Package pdftex.def Info: classtop_1_1_t_o_p_t_w_afbe8fd7e4e3b3d702768e01643558d
df_icgraph.pdf  used on input line 544.
(pdftex.def)             Requested size: 350.0pt x 59.23048pt.
 <./classtop_1_1_t_o_p_t_w_a97c54405c2ffff1b04371ee42acb1dff_icgraph.pdf

pdfTeX warning: pdflatex (file ./classtop_1_1_t_o_p_t_w_a97c54405c2ffff1b04371e
e42acb1dff_icgraph.pdf): PDF inclusion: multiple pdfs with page group included 
in a single page
>
<classtop_1_1_t_o_p_t_w_a97c54405c2ffff1b04371ee42acb1dff_icgraph.pdf, id=321, 
556.0775pt x 99.37125pt>
File: classtop_1_1_t_o_p_t_w_a97c54405c2ffff1b04371ee42acb1dff_icgraph.pdf Grap
hic file (type pdf)
<use classtop_1_1_t_o_p_t_w_a97c54405c2ffff1b04371ee42acb1dff_icgraph.pdf>
Package pdftex.def Info: classtop_1_1_t_o_p_t_w_a97c54405c2ffff1b04371ee42acb1d
ff_icgraph.pdf  used on input line 564.
(pdftex.def)             Requested size: 350.0pt x 62.54659pt.
 <./classtop_1_1_t_o_p_t_w_af9ea3e6941f3ebf4c4415a563d824d89_icgraph.pdf

pdfTeX warning: pdflatex (file ./classtop_1_1_t_o_p_t_w_af9ea3e6941f3ebf4c4415a
563d824d89_icgraph.pdf): PDF inclusion: multiple pdfs with page group included 
in a single page
>
<classtop_1_1_t_o_p_t_w_af9ea3e6941f3ebf4c4415a563d824d89_icgraph.pdf, id=330, 
532.99126pt x 99.37125pt>
File: classtop_1_1_t_o_p_t_w_af9ea3e6941f3ebf4c4415a563d824d89_icgraph.pdf Grap
hic file (type pdf)
<use classtop_1_1_t_o_p_t_w_af9ea3e6941f3ebf4c4415a563d824d89_icgraph.pdf>
Package pdftex.def Info: classtop_1_1_t_o_p_t_w_af9ea3e6941f3ebf4c4415a563d824d
89_icgraph.pdf  used on input line 578.
(pdftex.def)             Requested size: 350.0pt x 65.25618pt.
 [22] <./classtop_1_1_t_o_p_t_w_adce95dbc2b525cbbde383e0b950f874e_icgraph.pdf>
<classtop_1_1_t_o_p_t_w_adce95dbc2b525cbbde383e0b950f874e_icgraph.pdf, id=342, 
560.0925pt x 99.37125pt>
File: classtop_1_1_t_o_p_t_w_adce95dbc2b525cbbde383e0b950f874e_icgraph.pdf Grap
hic file (type pdf)
<use classtop_1_1_t_o_p_t_w_adce95dbc2b525cbbde383e0b950f874e_icgraph.pdf>
Package pdftex.def Info: classtop_1_1_t_o_p_t_w_adce95dbc2b525cbbde383e0b950f87
4e_icgraph.pdf  used on input line 592.
(pdftex.def)             Requested size: 350.0pt x 62.09929pt.
 <./classtop_1_1_t_o_p_t_w_a14a7fc055b07f3fb564666ad4ff12084_icgraph.pdf

pdfTeX warning: pdflatex (file ./classtop_1_1_t_o_p_t_w_a14a7fc055b07f3fb564666
ad4ff12084_icgraph.pdf): PDF inclusion: multiple pdfs with page group included 
in a single page
>
<classtop_1_1_t_o_p_t_w_a14a7fc055b07f3fb564666ad4ff12084_icgraph.pdf, id=350, 
511.9125pt x 99.37125pt>
File: classtop_1_1_t_o_p_t_w_a14a7fc055b07f3fb564666ad4ff12084_icgraph.pdf Grap
hic file (type pdf)
<use classtop_1_1_t_o_p_t_w_a14a7fc055b07f3fb564666ad4ff12084_icgraph.pdf>
Package pdftex.def Info: classtop_1_1_t_o_p_t_w_a14a7fc055b07f3fb564666ad4ff120
84_icgraph.pdf  used on input line 606.
(pdftex.def)             Requested size: 350.0pt x 67.94151pt.
 <./classtop_1_1_t_o_p_t_w_a8318436161579a8b9050a657ca63c5e0_icgraph.pdf

pdfTeX warning: pdflatex (file ./classtop_1_1_t_o_p_t_w_a8318436161579a8b9050a6
57ca63c5e0_icgraph.pdf): PDF inclusion: multiple pdfs with page group included 
in a single page
>
<classtop_1_1_t_o_p_t_w_a8318436161579a8b9050a657ca63c5e0_icgraph.pdf, id=358, 
513.92pt x 99.37125pt>
File: classtop_1_1_t_o_p_t_w_a8318436161579a8b9050a657ca63c5e0_icgraph.pdf Grap
hic file (type pdf)
<use classtop_1_1_t_o_p_t_w_a8318436161579a8b9050a657ca63c5e0_icgraph.pdf>
Package pdftex.def Info: classtop_1_1_t_o_p_t_w_a8318436161579a8b9050a657ca63c5
e0_icgraph.pdf  used on input line 620.
(pdftex.def)             Requested size: 350.0pt x 67.67616pt.
 [23]) (./classtop_1_1_t_o_p_t_w_evaluator.tex

LaTeX Warning: Reference `classtop_1_1_t_o_p_t_w_evaluator' on page 24 undefine
d on input line 5.


LaTeX Warning: Reference `classtop_1_1_t_o_p_t_w_evaluator' on page 24 undefine
d on input line 5.


LaTeX Warning: Reference `classtop_1_1_t_o_p_t_w_evaluator' on page 24 undefine
d on input line 21.


LaTeX Warning: Reference `classtop_1_1_t_o_p_t_w_evaluator' on page 24 undefine
d on input line 21.

[24]) (./classtop_1_1_t_o_p_t_w_g_r_a_s_p.tex

LaTeX Warning: Reference `classtop_1_1_t_o_p_t_w_g_r_a_s_p' on page 25 undefine
d on input line 5.


LaTeX Warning: Reference `classtop_1_1_t_o_p_t_w_g_r_a_s_p' on page 25 undefine
d on input line 5.


LaTeX Warning: Reference `classtop_1_1_t_o_p_t_w_g_r_a_s_p' on page 25 undefine
d on input line 12.


LaTeX Warning: Reference `classtop_1_1_t_o_p_t_w_g_r_a_s_p' on page 25 undefine
d on input line 45.


LaTeX Warning: Reference `classtop_1_1_t_o_p_t_w_g_r_a_s_p' on page 25 undefine
d on input line 45.

[25]

LaTeX Warning: Reference `classtop_1_1_t_o_p_t_w_g_r_a_s_p' on page 26 undefine
d on input line 56.


Package longtable Warning: Column widths have changed
(longtable)                in table 5.9 on input line 62.

 <./classtop_1_1_t_o_p_t_w_g_r_a_s_p_a2c07bc597fa781b81a53ad1017e24a4f_icgraph.
pdf

pdfTeX warning: pdflatex (file ./classtop_1_1_t_o_p_t_w_g_r_a_s_p_a2c07bc597fa7
81b81a53ad1017e24a4f_icgraph.pdf): PDF inclusion: multiple pdfs with page group
 included in a single page
>
<classtop_1_1_t_o_p_t_w_g_r_a_s_p_a2c07bc597fa781b81a53ad1017e24a4f_icgraph.pdf
, id=378, 1022.82124pt x 131.49126pt>
File: classtop_1_1_t_o_p_t_w_g_r_a_s_p_a2c07bc597fa781b81a53ad1017e24a4f_icgrap
h.pdf Graphic file (type pdf)
<use classtop_1_1_t_o_p_t_w_g_r_a_s_p_a2c07bc597fa781b81a53ad1017e24a4f_icgraph
.pdf>
Package pdftex.def Info: classtop_1_1_t_o_p_t_w_g_r_a_s_p_a2c07bc597fa781b81a53
ad1017e24a4f_icgraph.pdf  used on input line 77.
(pdftex.def)             Requested size: 350.0pt x 44.99535pt.
 <./classtop_1_1_t_o_p_t_w_g_r_a_s_p_ae706fe2d8478acf0a026bb40e8fc9df7_cgraph.p
df

pdfTeX warning: pdflatex (file ./classtop_1_1_t_o_p_t_w_g_r_a_s_p_ae706fe2d8478
acf0a026bb40e8fc9df7_cgraph.pdf): PDF inclusion: multiple pdfs with page group 
included in a single page
>
<classtop_1_1_t_o_p_t_w_g_r_a_s_p_ae706fe2d8478acf0a026bb40e8fc9df7_cgraph.pdf,
 id=386, 612.2875pt x 463.7325pt>
File: classtop_1_1_t_o_p_t_w_g_r_a_s_p_ae706fe2d8478acf0a026bb40e8fc9df7_cgraph
.pdf Graphic file (type pdf)
<use classtop_1_1_t_o_p_t_w_g_r_a_s_p_ae706fe2d8478acf0a026bb40e8fc9df7_cgraph.
pdf>
Package pdftex.def Info: classtop_1_1_t_o_p_t_w_g_r_a_s_p_ae706fe2d8478acf0a026
bb40e8fc9df7_cgraph.pdf  used on input line 91.
(pdftex.def)             Requested size: 350.0pt x 265.0803pt.
 [26] <./classtop_1_1_t_o_p_t_w_g_r_a_s_p_ae706fe2d8478acf0a026bb40e8fc9df7_icg
raph.pdf>
<classtop_1_1_t_o_p_t_w_g_r_a_s_p_ae706fe2d8478acf0a026bb40e8fc9df7_icgraph.pdf
, id=398, 787.94376pt x 110.4125pt>
File: classtop_1_1_t_o_p_t_w_g_r_a_s_p_ae706fe2d8478acf0a026bb40e8fc9df7_icgrap
h.pdf Graphic file (type pdf)
<use classtop_1_1_t_o_p_t_w_g_r_a_s_p_ae706fe2d8478acf0a026bb40e8fc9df7_icgraph
.pdf>
Package pdftex.def Info: classtop_1_1_t_o_p_t_w_g_r_a_s_p_ae706fe2d8478acf0a026
bb40e8fc9df7_icgraph.pdf  used on input line 99.
(pdftex.def)             Requested size: 350.0pt x 49.04326pt.
 <./classtop_1_1_t_o_p_t_w_g_r_a_s_p_ade97c51a7d20660d7d306b756b4a6302_cgraph.p
df

pdfTeX warning: pdflatex (file ./classtop_1_1_t_o_p_t_w_g_r_a_s_p_ade97c51a7d20
660d7d306b756b4a6302_cgraph.pdf): PDF inclusion: multiple pdfs with page group 
included in a single page
>
<classtop_1_1_t_o_p_t_w_g_r_a_s_p_ade97c51a7d20660d7d306b756b4a6302_cgraph.pdf,
 id=406, 1065.9825pt x 698.61pt>
File: classtop_1_1_t_o_p_t_w_g_r_a_s_p_ade97c51a7d20660d7d306b756b4a6302_cgraph
.pdf Graphic file (type pdf)
<use classtop_1_1_t_o_p_t_w_g_r_a_s_p_ade97c51a7d20660d7d306b756b4a6302_cgraph.
pdf>
Package pdftex.def Info: classtop_1_1_t_o_p_t_w_g_r_a_s_p_ade97c51a7d20660d7d30
6b756b4a6302_cgraph.pdf  used on input line 113.
(pdftex.def)             Requested size: 350.0pt x 229.38008pt.
 [27] <./classtop_1_1_t_o_p_t_w_g_r_a_s_p_ade97c51a7d20660d7d306b756b4a6302_icg
raph.pdf>
<classtop_1_1_t_o_p_t_w_g_r_a_s_p_ade97c51a7d20660d7d306b756b4a6302_icgraph.pdf
, id=418, 581.17125pt x 110.4125pt>
File: classtop_1_1_t_o_p_t_w_g_r_a_s_p_ade97c51a7d20660d7d306b756b4a6302_icgrap
h.pdf Graphic file (type pdf)
<use classtop_1_1_t_o_p_t_w_g_r_a_s_p_ade97c51a7d20660d7d306b756b4a6302_icgraph
.pdf>
Package pdftex.def Info: classtop_1_1_t_o_p_t_w_g_r_a_s_p_ade97c51a7d20660d7d30
6b756b4a6302_icgraph.pdf  used on input line 121.
(pdftex.def)             Requested size: 350.0pt x 66.49397pt.
 <./classtop_1_1_t_o_p_t_w_g_r_a_s_p_a717d4390dfb843bed804afb598e27a87_cgraph.p
df

pdfTeX warning: pdflatex (file ./classtop_1_1_t_o_p_t_w_g_r_a_s_p_a717d4390dfb8
43bed804afb598e27a87_cgraph.pdf): PDF inclusion: multiple pdfs with page group 
included in a single page
>
<classtop_1_1_t_o_p_t_w_g_r_a_s_p_a717d4390dfb843bed804afb598e27a87_cgraph.pdf,
 id=426, 818.05624pt x 154.5775pt>
File: classtop_1_1_t_o_p_t_w_g_r_a_s_p_a717d4390dfb843bed804afb598e27a87_cgraph
.pdf Graphic file (type pdf)
<use classtop_1_1_t_o_p_t_w_g_r_a_s_p_a717d4390dfb843bed804afb598e27a87_cgraph.
pdf>
Package pdftex.def Info: classtop_1_1_t_o_p_t_w_g_r_a_s_p_a717d4390dfb843bed804
afb598e27a87_cgraph.pdf  used on input line 135.
(pdftex.def)             Requested size: 350.0pt x 66.1368pt.
 <./classtop_1_1_t_o_p_t_w_g_r_a_s_p_a717d4390dfb843bed804afb598e27a87_icgraph.
pdf

pdfTeX warning: pdflatex (file ./classtop_1_1_t_o_p_t_w_g_r_a_s_p_a717d4390dfb8
43bed804afb598e27a87_icgraph.pdf): PDF inclusion: multiple pdfs with page group
 included in a single page
>
<classtop_1_1_t_o_p_t_w_g_r_a_s_p_a717d4390dfb843bed804afb598e27a87_icgraph.pdf
, id=434, 786.94pt x 110.4125pt>
File: classtop_1_1_t_o_p_t_w_g_r_a_s_p_a717d4390dfb843bed804afb598e27a87_icgrap
h.pdf Graphic file (type pdf)
<use classtop_1_1_t_o_p_t_w_g_r_a_s_p_a717d4390dfb843bed804afb598e27a87_icgraph
.pdf>
Package pdftex.def Info: classtop_1_1_t_o_p_t_w_g_r_a_s_p_a717d4390dfb843bed804
afb598e27a87_icgraph.pdf  used on input line 143.
(pdftex.def)             Requested size: 350.0pt x 49.10559pt.
 [28] <./classtop_1_1_t_o_p_t_w_g_r_a_s_p_aa921b046fab55b437ea10e5cc286c014_cgr
aph.pdf>
<classtop_1_1_t_o_p_t_w_g_r_a_s_p_aa921b046fab55b437ea10e5cc286c014_cgraph.pdf,
 id=446, 781.92125pt x 136.51pt>
File: classtop_1_1_t_o_p_t_w_g_r_a_s_p_aa921b046fab55b437ea10e5cc286c014_cgraph
.pdf Graphic file (type pdf)
<use classtop_1_1_t_o_p_t_w_g_r_a_s_p_aa921b046fab55b437ea10e5cc286c014_cgraph.
pdf>
Package pdftex.def Info: classtop_1_1_t_o_p_t_w_g_r_a_s_p_aa921b046fab55b437ea1
0e5cc286c014_cgraph.pdf  used on input line 157.
(pdftex.def)             Requested size: 350.0pt x 61.10397pt.
 <./classtop_1_1_t_o_p_t_w_g_r_a_s_p_aa921b046fab55b437ea10e5cc286c014_icgraph.
pdf

pdfTeX warning: pdflatex (file ./classtop_1_1_t_o_p_t_w_g_r_a_s_p_aa921b046fab5
5b437ea10e5cc286c014_icgraph.pdf): PDF inclusion: multiple pdfs with page group
 included in a single page
>
<classtop_1_1_t_o_p_t_w_g_r_a_s_p_aa921b046fab55b437ea10e5cc286c014_icgraph.pdf
, id=454, 786.94pt x 110.4125pt>
File: classtop_1_1_t_o_p_t_w_g_r_a_s_p_aa921b046fab55b437ea10e5cc286c014_icgrap
h.pdf Graphic file (type pdf)
<use classtop_1_1_t_o_p_t_w_g_r_a_s_p_aa921b046fab55b437ea10e5cc286c014_icgraph
.pdf>
Package pdftex.def Info: classtop_1_1_t_o_p_t_w_g_r_a_s_p_aa921b046fab55b437ea1
0e5cc286c014_icgraph.pdf  used on input line 165.
(pdftex.def)             Requested size: 350.0pt x 49.10559pt.
 <./classtop_1_1_t_o_p_t_w_g_r_a_s_p_ae0fad47956718e9e96ee5fb6022d9f5b_cgraph.p
df

pdfTeX warning: pdflatex (file ./classtop_1_1_t_o_p_t_w_g_r_a_s_p_ae0fad4795671
8e9e96ee5fb6022d9f5b_cgraph.pdf): PDF inclusion: multiple pdfs with page group 
included in a single page
>
<classtop_1_1_t_o_p_t_w_g_r_a_s_p_ae0fad47956718e9e96ee5fb6022d9f5b_cgraph.pdf,
 id=462, 576.1525pt x 136.51pt>
File: classtop_1_1_t_o_p_t_w_g_r_a_s_p_ae0fad47956718e9e96ee5fb6022d9f5b_cgraph
.pdf Graphic file (type pdf)
<use classtop_1_1_t_o_p_t_w_g_r_a_s_p_ae0fad47956718e9e96ee5fb6022d9f5b_cgraph.
pdf>
Package pdftex.def Info: classtop_1_1_t_o_p_t_w_g_r_a_s_p_ae0fad47956718e9e96ee
5fb6022d9f5b_cgraph.pdf  used on input line 179.
(pdftex.def)             Requested size: 350.0pt x 82.92937pt.
 <./classtop_1_1_t_o_p_t_w_g_r_a_s_p_ae0fad47956718e9e96ee5fb6022d9f5b_icgraph.
pdf

pdfTeX warning: pdflatex (file ./classtop_1_1_t_o_p_t_w_g_r_a_s_p_ae0fad4795671
8e9e96ee5fb6022d9f5b_icgraph.pdf): PDF inclusion: multiple pdfs with page group
 included in a single page
>
<classtop_1_1_t_o_p_t_w_g_r_a_s_p_ae0fad47956718e9e96ee5fb6022d9f5b_icgraph.pdf
, id=470, 986.68625pt x 158.5925pt>
File: classtop_1_1_t_o_p_t_w_g_r_a_s_p_ae0fad47956718e9e96ee5fb6022d9f5b_icgrap
h.pdf Graphic file (type pdf)
<use classtop_1_1_t_o_p_t_w_g_r_a_s_p_ae0fad47956718e9e96ee5fb6022d9f5b_icgraph
.pdf>
Package pdftex.def Info: classtop_1_1_t_o_p_t_w_g_r_a_s_p_ae0fad47956718e9e96ee
5fb6022d9f5b_icgraph.pdf  used on input line 187.
(pdftex.def)             Requested size: 350.0pt x 56.25595pt.
 [29]

Package longtable Warning: Column widths have changed
(longtable)                in table 5.10 on input line 218.

 <./classtop_1_1_t_o_p_t_w_g_r_a_s_p_a11242fc809f6a16ff81136c4785fdc3e_cgraph.p
df>
<classtop_1_1_t_o_p_t_w_g_r_a_s_p_a11242fc809f6a16ff81136c4785fdc3e_cgraph.pdf,
 id=483, 1242.6425pt x 796.9775pt>
File: classtop_1_1_t_o_p_t_w_g_r_a_s_p_a11242fc809f6a16ff81136c4785fdc3e_cgraph
.pdf Graphic file (type pdf)
<use classtop_1_1_t_o_p_t_w_g_r_a_s_p_a11242fc809f6a16ff81136c4785fdc3e_cgraph.
pdf>
Package pdftex.def Info: classtop_1_1_t_o_p_t_w_g_r_a_s_p_a11242fc809f6a16ff811
36c4785fdc3e_cgraph.pdf  used on input line 224.
(pdftex.def)             Requested size: 350.0pt x 224.46555pt.
 <./classtop_1_1_t_o_p_t_w_g_r_a_s_p_a11242fc809f6a16ff81136c4785fdc3e_icgraph.
pdf

pdfTeX warning: pdflatex (file ./classtop_1_1_t_o_p_t_w_g_r_a_s_p_a11242fc809f6
a16ff81136c4785fdc3e_icgraph.pdf): PDF inclusion: multiple pdfs with page group
 included in a single page
>
<classtop_1_1_t_o_p_t_w_g_r_a_s_p_a11242fc809f6a16ff81136c4785fdc3e_icgraph.pdf
, id=492, 370.38374pt x 99.37125pt>
File: classtop_1_1_t_o_p_t_w_g_r_a_s_p_a11242fc809f6a16ff81136c4785fdc3e_icgrap
h.pdf Graphic file (type pdf)
<use classtop_1_1_t_o_p_t_w_g_r_a_s_p_a11242fc809f6a16ff81136c4785fdc3e_icgraph
.pdf>
Package pdftex.def Info: classtop_1_1_t_o_p_t_w_g_r_a_s_p_a11242fc809f6a16ff811
36c4785fdc3e_icgraph.pdf  used on input line 232.
(pdftex.def)             Requested size: 350.0pt x 93.90329pt.
 [30] <./classtop_1_1_t_o_p_t_w_g_r_a_s_p_adaccdd26e4ad89ffb3e86c780dcd90d7_cgr
aph.pdf>
<classtop_1_1_t_o_p_t_w_g_r_a_s_p_adaccdd26e4ad89ffb3e86c780dcd90d7_cgraph.pdf,
 id=504, 620.3175pt x 426.59375pt>
File: classtop_1_1_t_o_p_t_w_g_r_a_s_p_adaccdd26e4ad89ffb3e86c780dcd90d7_cgraph
.pdf Graphic file (type pdf)
<use classtop_1_1_t_o_p_t_w_g_r_a_s_p_adaccdd26e4ad89ffb3e86c780dcd90d7_cgraph.
pdf>
Package pdftex.def Info: classtop_1_1_t_o_p_t_w_g_r_a_s_p_adaccdd26e4ad89ffb3e8
6c780dcd90d7_cgraph.pdf  used on input line 258.
(pdftex.def)             Requested size: 350.0pt x 240.69394pt.
 <./classtop_1_1_t_o_p_t_w_g_r_a_s_p_adaccdd26e4ad89ffb3e86c780dcd90d7_icgraph.
pdf

pdfTeX warning: pdflatex (file ./classtop_1_1_t_o_p_t_w_g_r_a_s_p_adaccdd26e4ad
89ffb3e86c780dcd90d7_icgraph.pdf): PDF inclusion: multiple pdfs with page group
 included in a single page
>
<classtop_1_1_t_o_p_t_w_g_r_a_s_p_adaccdd26e4ad89ffb3e86c780dcd90d7_icgraph.pdf
, id=512, 787.94376pt x 110.4125pt>
File: classtop_1_1_t_o_p_t_w_g_r_a_s_p_adaccdd26e4ad89ffb3e86c780dcd90d7_icgrap
h.pdf Graphic file (type pdf)
<use classtop_1_1_t_o_p_t_w_g_r_a_s_p_adaccdd26e4ad89ffb3e86c780dcd90d7_icgraph
.pdf>
Package pdftex.def Info: classtop_1_1_t_o_p_t_w_g_r_a_s_p_adaccdd26e4ad89ffb3e8
6c780dcd90d7_icgraph.pdf  used on input line 266.
(pdftex.def)             Requested size: 350.0pt x 49.04326pt.
 [31]) (./classtop_1_1_t_o_p_t_w_reader.tex

LaTeX Warning: Reference `classtop_1_1_t_o_p_t_w' on page 32 undefined on input
 line 5.


LaTeX Warning: Reference `classtop_1_1_t_o_p_t_w_reader' on page 32 undefined o
n input line 5.


LaTeX Warning: Reference `classtop_1_1_t_o_p_t_w' on page 32 undefined on input
 line 16.


LaTeX Warning: Reference `classtop_1_1_t_o_p_t_w_reader' on page 32 undefined o
n input line 16.

[32]

Package longtable Warning: Column widths have changed
(longtable)                in table 5.11 on input line 33.


Underfull \hbox (badness 10000) detected at line 34
[][][]
 []

 <./classtop_1_1_t_o_p_t_w_reader_abad17029fc8928818483c5053dde0fa2_cgraph.pdf>
<classtop_1_1_t_o_p_t_w_reader_abad17029fc8928818483c5053dde0fa2_cgraph.pdf, id
=528, 578.16pt x 445.665pt>
File: classtop_1_1_t_o_p_t_w_reader_abad17029fc8928818483c5053dde0fa2_cgraph.pd
f Graphic file (type pdf)
<use classtop_1_1_t_o_p_t_w_reader_abad17029fc8928818483c5053dde0fa2_cgraph.pdf
>
Package pdftex.def Info: classtop_1_1_t_o_p_t_w_reader_abad17029fc8928818483c50
53dde0fa2_cgraph.pdf  used on input line 42.
(pdftex.def)             Requested size: 350.0pt x 269.78796pt.
 <./classtop_1_1_t_o_p_t_w_reader_abad17029fc8928818483c5053dde0fa2_icgraph.pdf


pdfTeX warning: pdflatex (file ./classtop_1_1_t_o_p_t_w_reader_abad17029fc89288
18483c5053dde0fa2_icgraph.pdf): PDF inclusion: multiple pdfs with page group in
cluded in a single page
>
<classtop_1_1_t_o_p_t_w_reader_abad17029fc8928818483c5053dde0fa2_icgraph.pdf, i
d=536, 386.44376pt x 99.37125pt>
File: classtop_1_1_t_o_p_t_w_reader_abad17029fc8928818483c5053dde0fa2_icgraph.p
df Graphic file (type pdf)
<use classtop_1_1_t_o_p_t_w_reader_abad17029fc8928818483c5053dde0fa2_icgraph.pd
f>
Package pdftex.def Info: classtop_1_1_t_o_p_t_w_reader_abad17029fc8928818483c50
53dde0fa2_icgraph.pdf  used on input line 50.
(pdftex.def)             Requested size: 350.0pt x 90.00038pt.
) (./classtop_1_1_t_o_p_t_w_route.tex

LaTeX Warning: Reference `classtop_1_1_t_o_p_t_w_route' on page 33 undefined on
 input line 5.


LaTeX Warning: Reference `classtop_1_1_t_o_p_t_w_route' on page 33 undefined on
 input line 5.

[33]

LaTeX Warning: Reference `classtop_1_1_t_o_p_t_w_route' on page 34 undefined on
 input line 26.


LaTeX Warning: Reference `classtop_1_1_t_o_p_t_w_route' on page 34 undefined on
 input line 26.


Underfull \hbox (badness 10000) detected at line 39
[][][]
 []


Underfull \hbox (badness 10000) detected at line 52
[][][]
 []


Underfull \hbox (badness 10000) detected at line 65
[][][]
 []

[34]

Package longtable Warning: Column widths have changed
(longtable)                in table 5.12 on input line 82.


Package longtable Warning: Column widths have changed
(longtable)                in table 5.13 on input line 97.


Package longtable Warning: Column widths have changed
(longtable)                in table 5.14 on input line 112.


Overfull \vbox (0.37148pt too high) has occurred while \output is active []


[35]) (./classtop_1_1_t_o_p_t_w_solution.tex

LaTeX Warning: Reference `classtop_1_1_t_o_p_t_w_solution' on page 36 undefined
 on input line 5.


LaTeX Warning: Reference `classtop_1_1_t_o_p_t_w_solution' on page 36 undefined
 on input line 5.


LaTeX Warning: Reference `classtop_1_1_t_o_p_t_w' on page 36 undefined on input
 line 12.


LaTeX Warning: Reference `classtop_1_1_t_o_p_t_w_solution' on page 36 undefined
 on input line 71.


LaTeX Warning: Reference `classtop_1_1_t_o_p_t_w_solution' on page 36 undefined
 on input line 71.

[36]

LaTeX Warning: Reference `classtop_1_1_t_o_p_t_w' on page 37 undefined on input
 line 82.


Package longtable Warning: Column widths have changed
(longtable)                in table 5.15 on input line 88.

 <./classtop_1_1_t_o_p_t_w_solution_a45192e5d12a12ec58030397041b4a369_cgraph.pd
f

pdfTeX warning: pdflatex (file ./classtop_1_1_t_o_p_t_w_solution_a45192e5d12a12
ec58030397041b4a369_cgraph.pdf): PDF inclusion: multiple pdfs with page group i
ncluded in a single page
>
<classtop_1_1_t_o_p_t_w_solution_a45192e5d12a12ec58030397041b4a369_cgraph.pdf, 
id=558, 415.5525pt x 136.51pt>
File: classtop_1_1_t_o_p_t_w_solution_a45192e5d12a12ec58030397041b4a369_cgraph.
pdf Graphic file (type pdf)
<use classtop_1_1_t_o_p_t_w_solution_a45192e5d12a12ec58030397041b4a369_cgraph.p
df>
Package pdftex.def Info: classtop_1_1_t_o_p_t_w_solution_a45192e5d12a12ec580303
97041b4a369_cgraph.pdf  used on input line 94.
(pdftex.def)             Requested size: 350.0pt x 114.98006pt.
 <./classtop_1_1_t_o_p_t_w_solution_a74df6b4b5c27f611de4a25e34d0bd907_cgraph.pd
f

pdfTeX warning: pdflatex (file ./classtop_1_1_t_o_p_t_w_solution_a74df6b4b5c27f
611de4a25e34d0bd907_cgraph.pdf): PDF inclusion: multiple pdfs with page group i
ncluded in a single page
>
<classtop_1_1_t_o_p_t_w_solution_a74df6b4b5c27f611de4a25e34d0bd907_cgraph.pdf, 
id=566, 398.48875pt x 136.51pt>
File: classtop_1_1_t_o_p_t_w_solution_a74df6b4b5c27f611de4a25e34d0bd907_cgraph.
pdf Graphic file (type pdf)
<use classtop_1_1_t_o_p_t_w_solution_a74df6b4b5c27f611de4a25e34d0bd907_cgraph.p
df>
Package pdftex.def Info: classtop_1_1_t_o_p_t_w_solution_a74df6b4b5c27f611de4a2
5e34d0bd907_cgraph.pdf  used on input line 110.
(pdftex.def)             Requested size: 350.0pt x 119.90419pt.
 [37] <./classtop_1_1_t_o_p_t_w_solution_a07ec0a724167095ad061040e11136a19_cgra
ph.pdf>
<classtop_1_1_t_o_p_t_w_solution_a07ec0a724167095ad061040e11136a19_cgraph.pdf, 
id=578, 583.17876pt x 233.87375pt>
File: classtop_1_1_t_o_p_t_w_solution_a07ec0a724167095ad061040e11136a19_cgraph.
pdf Graphic file (type pdf)
<use classtop_1_1_t_o_p_t_w_solution_a07ec0a724167095ad061040e11136a19_cgraph.p
df>
Package pdftex.def Info: classtop_1_1_t_o_p_t_w_solution_a07ec0a724167095ad0610
40e11136a19_cgraph.pdf  used on input line 130.
(pdftex.def)             Requested size: 350.0pt x 140.36456pt.
 <./classtop_1_1_t_o_p_t_w_solution_a07ec0a724167095ad061040e11136a19_icgraph.p
df

pdfTeX warning: pdflatex (file ./classtop_1_1_t_o_p_t_w_solution_a07ec0a7241670
95ad061040e11136a19_icgraph.pdf): PDF inclusion: multiple pdfs with page group 
included in a single page
>
<classtop_1_1_t_o_p_t_w_solution_a07ec0a724167095ad061040e11136a19_icgraph.pdf,
 id=586, 568.1225pt x 136.51pt>
File: classtop_1_1_t_o_p_t_w_solution_a07ec0a724167095ad061040e11136a19_icgraph
.pdf Graphic file (type pdf)
<use classtop_1_1_t_o_p_t_w_solution_a07ec0a724167095ad061040e11136a19_icgraph.
pdf>
Package pdftex.def Info: classtop_1_1_t_o_p_t_w_solution_a07ec0a724167095ad0610
40e11136a19_icgraph.pdf  used on input line 138.
(pdftex.def)             Requested size: 350.0pt x 84.10207pt.
 <./classtop_1_1_t_o_p_t_w_solution_a42484d84c9770ebbb8778fc149abbb58_cgraph.pd
f

pdfTeX warning: pdflatex (file ./classtop_1_1_t_o_p_t_w_solution_a42484d84c9770
ebbb8778fc149abbb58_cgraph.pdf): PDF inclusion: multiple pdfs with page group i
ncluded in a single page
>
<classtop_1_1_t_o_p_t_w_solution_a42484d84c9770ebbb8778fc149abbb58_cgraph.pdf, 
id=594, 392.46625pt x 110.4125pt>
File: classtop_1_1_t_o_p_t_w_solution_a42484d84c9770ebbb8778fc149abbb58_cgraph.
pdf Graphic file (type pdf)
<use classtop_1_1_t_o_p_t_w_solution_a42484d84c9770ebbb8778fc149abbb58_cgraph.p
df>
Package pdftex.def Info: classtop_1_1_t_o_p_t_w_solution_a42484d84c9770ebbb8778
fc149abbb58_cgraph.pdf  used on input line 157.
(pdftex.def)             Requested size: 350.0pt x 98.47234pt.
 [38] <./classtop_1_1_t_o_p_t_w_solution_a42484d84c9770ebbb8778fc149abbb58_icgr
aph.pdf>
<classtop_1_1_t_o_p_t_w_solution_a42484d84c9770ebbb8778fc149abbb58_icgraph.pdf,
 id=606, 977.6525pt x 278.03876pt>
File: classtop_1_1_t_o_p_t_w_solution_a42484d84c9770ebbb8778fc149abbb58_icgraph
.pdf Graphic file (type pdf)
<use classtop_1_1_t_o_p_t_w_solution_a42484d84c9770ebbb8778fc149abbb58_icgraph.
pdf>
Package pdftex.def Info: classtop_1_1_t_o_p_t_w_solution_a42484d84c9770ebbb8778
fc149abbb58_icgraph.pdf  used on input line 165.
(pdftex.def)             Requested size: 350.0pt x 99.5381pt.
 <./classtop_1_1_t_o_p_t_w_solution_a822040f322ba94a35ed101f6c53f0b33_cgraph.pd
f

pdfTeX warning: pdflatex (file ./classtop_1_1_t_o_p_t_w_solution_a822040f322ba9
4a35ed101f6c53f0b33_cgraph.pdf): PDF inclusion: multiple pdfs with page group i
ncluded in a single page
>
<classtop_1_1_t_o_p_t_w_solution_a822040f322ba94a35ed101f6c53f0b33_cgraph.pdf, 
id=614, 397.485pt x 117.43875pt>
File: classtop_1_1_t_o_p_t_w_solution_a822040f322ba94a35ed101f6c53f0b33_cgraph.
pdf Graphic file (type pdf)
<use classtop_1_1_t_o_p_t_w_solution_a822040f322ba94a35ed101f6c53f0b33_cgraph.p
df>
Package pdftex.def Info: classtop_1_1_t_o_p_t_w_solution_a822040f322ba94a35ed10
1f6c53f0b33_cgraph.pdf  used on input line 179.
(pdftex.def)             Requested size: 350.0pt x 103.4127pt.
 <./classtop_1_1_t_o_p_t_w_solution_a822040f322ba94a35ed101f6c53f0b33_icgraph.p
df

pdfTeX warning: pdflatex (file ./classtop_1_1_t_o_p_t_w_solution_a822040f322ba9
4a35ed101f6c53f0b33_icgraph.pdf): PDF inclusion: multiple pdfs with page group 
included in a single page
>
<classtop_1_1_t_o_p_t_w_solution_a822040f322ba94a35ed101f6c53f0b33_icgraph.pdf,
 id=622, 982.67125pt x 191.71625pt>
File: classtop_1_1_t_o_p_t_w_solution_a822040f322ba94a35ed101f6c53f0b33_icgraph
.pdf Graphic file (type pdf)
<use classtop_1_1_t_o_p_t_w_solution_a822040f322ba94a35ed101f6c53f0b33_icgraph.
pdf>
Package pdftex.def Info: classtop_1_1_t_o_p_t_w_solution_a822040f322ba94a35ed10
1f6c53f0b33_icgraph.pdf  used on input line 187.
(pdftex.def)             Requested size: 350.0pt x 68.28352pt.
 [39] <./classtop_1_1_t_o_p_t_w_solution_a0c4692927923549f0e137ea74850a8b6_icgr
aph.pdf>
<classtop_1_1_t_o_p_t_w_solution_a0c4692927923549f0e137ea74850a8b6_icgraph.pdf,
 id=634, 967.615pt x 278.03876pt>
File: classtop_1_1_t_o_p_t_w_solution_a0c4692927923549f0e137ea74850a8b6_icgraph
.pdf Graphic file (type pdf)
<use classtop_1_1_t_o_p_t_w_solution_a0c4692927923549f0e137ea74850a8b6_icgraph.
pdf>
Package pdftex.def Info: classtop_1_1_t_o_p_t_w_solution_a0c4692927923549f0e137
ea74850a8b6_icgraph.pdf  used on input line 201.
(pdftex.def)             Requested size: 350.0pt x 100.56903pt.
 <./classtop_1_1_t_o_p_t_w_solution_a82688039e6f671f6d2f57a1888fe3c21_cgraph.pd
f

pdfTeX warning: pdflatex (file ./classtop_1_1_t_o_p_t_w_solution_a82688039e6f67
1f6d2f57a1888fe3c21_cgraph.pdf): PDF inclusion: multiple pdfs with page group i
ncluded in a single page
>
<classtop_1_1_t_o_p_t_w_solution_a82688039e6f671f6d2f57a1888fe3c21_cgraph.pdf, 
id=642, 576.1525pt x 612.2875pt>
File: classtop_1_1_t_o_p_t_w_solution_a82688039e6f671f6d2f57a1888fe3c21_cgraph.
pdf Graphic file (type pdf)
<use classtop_1_1_t_o_p_t_w_solution_a82688039e6f671f6d2f57a1888fe3c21_cgraph.p
df>
Package pdftex.def Info: classtop_1_1_t_o_p_t_w_solution_a82688039e6f671f6d2f57
a1888fe3c21_cgraph.pdf  used on input line 215.
(pdftex.def)             Requested size: 350.0pt x 371.96262pt.
 [40] <./classtop_1_1_t_o_p_t_w_solution_a82688039e6f671f6d2f57a1888fe3c21_icgr
aph.pdf>
<classtop_1_1_t_o_p_t_w_solution_a82688039e6f671f6d2f57a1888fe3c21_icgraph.pdf,
 id=655, 541.02126pt x 110.4125pt>
File: classtop_1_1_t_o_p_t_w_solution_a82688039e6f671f6d2f57a1888fe3c21_icgraph
.pdf Graphic file (type pdf)
<use classtop_1_1_t_o_p_t_w_solution_a82688039e6f671f6d2f57a1888fe3c21_icgraph.
pdf>
Package pdftex.def Info: classtop_1_1_t_o_p_t_w_solution_a82688039e6f671f6d2f57
a1888fe3c21_icgraph.pdf  used on input line 223.
(pdftex.def)             Requested size: 350.0pt x 71.43031pt.
 [41] <./classtop_1_1_t_o_p_t_w_solution_a4ed9a239d683e7770681aba78e8121a3_icgr
aph.pdf>
<classtop_1_1_t_o_p_t_w_solution_a4ed9a239d683e7770681aba78e8121a3_icgraph.pdf,
 id=668, 1186.4325pt x 297.11pt>
File: classtop_1_1_t_o_p_t_w_solution_a4ed9a239d683e7770681aba78e8121a3_icgraph
.pdf Graphic file (type pdf)
<use classtop_1_1_t_o_p_t_w_solution_a4ed9a239d683e7770681aba78e8121a3_icgraph.
pdf>
Package pdftex.def Info: classtop_1_1_t_o_p_t_w_solution_a4ed9a239d683e7770681a
ba78e8121a3_icgraph.pdf  used on input line 261.
(pdftex.def)             Requested size: 350.0pt x 87.64668pt.
 <./classtop_1_1_t_o_p_t_w_solution_a559f4d8cc4b93d998243d7479fd6da8d_icgraph.p
df

pdfTeX warning: pdflatex (file ./classtop_1_1_t_o_p_t_w_solution_a559f4d8cc4b93
d998243d7479fd6da8d_icgraph.pdf): PDF inclusion: multiple pdfs with page group 
included in a single page
>
<classtop_1_1_t_o_p_t_w_solution_a559f4d8cc4b93d998243d7479fd6da8d_icgraph.pdf,
 id=676, 990.70125pt x 278.03876pt>
File: classtop_1_1_t_o_p_t_w_solution_a559f4d8cc4b93d998243d7479fd6da8d_icgraph
.pdf Graphic file (type pdf)
<use classtop_1_1_t_o_p_t_w_solution_a559f4d8cc4b93d998243d7479fd6da8d_icgraph.
pdf>
Package pdftex.def Info: classtop_1_1_t_o_p_t_w_solution_a559f4d8cc4b93d998243d
7479fd6da8d_icgraph.pdf  used on input line 275.
(pdftex.def)             Requested size: 350.0pt x 98.22716pt.
 [42] <./classtop_1_1_t_o_p_t_w_solution_ae2cebb1c58169b05b0dcccd65eabc654_cgra
ph.pdf>
<classtop_1_1_t_o_p_t_w_solution_ae2cebb1c58169b05b0dcccd65eabc654_cgraph.pdf, 
id=688, 393.47pt x 136.51pt>
File: classtop_1_1_t_o_p_t_w_solution_ae2cebb1c58169b05b0dcccd65eabc654_cgraph.
pdf Graphic file (type pdf)
<use classtop_1_1_t_o_p_t_w_solution_ae2cebb1c58169b05b0dcccd65eabc654_cgraph.p
df>
Package pdftex.def Info: classtop_1_1_t_o_p_t_w_solution_ae2cebb1c58169b05b0dcc
cd65eabc654_cgraph.pdf  used on input line 305.
(pdftex.def)             Requested size: 350.0pt x 121.42685pt.
 <./classtop_1_1_t_o_p_t_w_solution_ae2cebb1c58169b05b0dcccd65eabc654_icgraph.p
df

pdfTeX warning: pdflatex (file ./classtop_1_1_t_o_p_t_w_solution_ae2cebb1c58169
b05b0dcccd65eabc654_icgraph.pdf): PDF inclusion: multiple pdfs with page group 
included in a single page
>
<classtop_1_1_t_o_p_t_w_solution_ae2cebb1c58169b05b0dcccd65eabc654_icgraph.pdf,
 id=696, 771.88374pt x 110.4125pt>
File: classtop_1_1_t_o_p_t_w_solution_ae2cebb1c58169b05b0dcccd65eabc654_icgraph
.pdf Graphic file (type pdf)
<use classtop_1_1_t_o_p_t_w_solution_ae2cebb1c58169b05b0dcccd65eabc654_icgraph.
pdf>
Package pdftex.def Info: classtop_1_1_t_o_p_t_w_solution_ae2cebb1c58169b05b0dcc
cd65eabc654_icgraph.pdf  used on input line 313.
(pdftex.def)             Requested size: 350.0pt x 50.06422pt.
 [43]

Package longtable Warning: Column widths have changed
(longtable)                in table 5.16 on input line 330.


Underfull \hbox (badness 10000) detected at line 331
[][][]
 []

 <./classtop_1_1_t_o_p_t_w_solution_a56640aeccb436bb9dbb33381c274443f_icgraph.p
df>
<classtop_1_1_t_o_p_t_w_solution_a56640aeccb436bb9dbb33381c274443f_icgraph.pdf,
 id=708, 963.6pt x 110.4125pt>
File: classtop_1_1_t_o_p_t_w_solution_a56640aeccb436bb9dbb33381c274443f_icgraph
.pdf Graphic file (type pdf)
<use classtop_1_1_t_o_p_t_w_solution_a56640aeccb436bb9dbb33381c274443f_icgraph.
pdf>
Package pdftex.def Info: classtop_1_1_t_o_p_t_w_solution_a56640aeccb436bb9dbb33
381c274443f_icgraph.pdf  used on input line 339.
(pdftex.def)             Requested size: 350.0pt x 40.10394pt.
 <./classtop_1_1_t_o_p_t_w_solution_a5df1eb3b6f4bc1265f12ffc201d86b0d_cgraph.pd
f

pdfTeX warning: pdflatex (file ./classtop_1_1_t_o_p_t_w_solution_a5df1eb3b6f4bc
1265f12ffc201d86b0d_cgraph.pdf): PDF inclusion: multiple pdfs with page group i
ncluded in a single page
>
<classtop_1_1_t_o_p_t_w_solution_a5df1eb3b6f4bc1265f12ffc201d86b0d_cgraph.pdf, 
id=716, 779.91376pt x 233.87375pt>
File: classtop_1_1_t_o_p_t_w_solution_a5df1eb3b6f4bc1265f12ffc201d86b0d_cgraph.
pdf Graphic file (type pdf)
<use classtop_1_1_t_o_p_t_w_solution_a5df1eb3b6f4bc1265f12ffc201d86b0d_cgraph.p
df>
Package pdftex.def Info: classtop_1_1_t_o_p_t_w_solution_a5df1eb3b6f4bc1265f12f
fc201d86b0d_cgraph.pdf  used on input line 353.
(pdftex.def)             Requested size: 350.0pt x 104.95314pt.
 [44] <./classtop_1_1_t_o_p_t_w_solution_a77bd60e16c5a4672e71d5f525cbe5e25_icgr
aph.pdf>
<classtop_1_1_t_o_p_t_w_solution_a77bd60e16c5a4672e71d5f525cbe5e25_icgraph.pdf,
 id=728, 998.73125pt x 110.4125pt>
File: classtop_1_1_t_o_p_t_w_solution_a77bd60e16c5a4672e71d5f525cbe5e25_icgraph
.pdf Graphic file (type pdf)
<use classtop_1_1_t_o_p_t_w_solution_a77bd60e16c5a4672e71d5f525cbe5e25_icgraph.
pdf>
Package pdftex.def Info: classtop_1_1_t_o_p_t_w_solution_a77bd60e16c5a4672e71d5
f525cbe5e25_icgraph.pdf  used on input line 385.
(pdftex.def)             Requested size: 350.0pt x 38.6938pt.
 <./classtop_1_1_t_o_p_t_w_solution_a2b1fb005fd139112ce576687b1dd7c34_icgraph.p
df

pdfTeX warning: pdflatex (file ./classtop_1_1_t_o_p_t_w_solution_a2b1fb005fd139
112ce576687b1dd7c34_icgraph.pdf): PDF inclusion: multiple pdfs with page group 
included in a single page
>
<classtop_1_1_t_o_p_t_w_solution_a2b1fb005fd139112ce576687b1dd7c34_icgraph.pdf,
 id=736, 990.70125pt x 110.4125pt>
File: classtop_1_1_t_o_p_t_w_solution_a2b1fb005fd139112ce576687b1dd7c34_icgraph
.pdf Graphic file (type pdf)
<use classtop_1_1_t_o_p_t_w_solution_a2b1fb005fd139112ce576687b1dd7c34_icgraph.
pdf>
Package pdftex.def Info: classtop_1_1_t_o_p_t_w_solution_a2b1fb005fd139112ce576
687b1dd7c34_icgraph.pdf  used on input line 399.
(pdftex.def)             Requested size: 350.0pt x 39.00717pt.
) [45] [46

]
Chapter 6.
(./main_t_o_p_t_w_8java.tex
Underfull \hbox (badness 10000) detected at line 23
[][][]
 []


Underfull \hbox (badness 10000) detected at line 26
[][][]
 []

) (./_t_o_p_t_w_8java.tex

LaTeX Warning: Reference `classtop_1_1_t_o_p_t_w' on page 47 undefined on input
 line 7.


LaTeX Warning: Reference `classtop_1_1_t_o_p_t_w' on page 47 undefined on input
 line 7.

[47]
Underfull \hbox (badness 10000) detected at line 16
[][][]
 []


Underfull \hbox (badness 10000) detected at line 19
[][][]
 []


Underfull \hbox (badness 10000) detected at line 22
[][][]
 []

) (./_t_o_p_t_w_evaluator_8java.tex

LaTeX Warning: Reference `classtop_1_1_t_o_p_t_w_evaluator' on page 48 undefine
d on input line 7.


LaTeX Warning: Reference `classtop_1_1_t_o_p_t_w_evaluator' on page 48 undefine
d on input line 7.


Underfull \hbox (badness 10000) detected at line 16
[][][]
 []


Underfull \hbox (badness 10000) detected at line 19
[][][]
 []


Underfull \hbox (badness 10000) detected at line 22
[][][]
 []

) (./_t_o_p_t_w_g_r_a_s_p_8java.tex

LaTeX Warning: Reference `classtop_1_1_t_o_p_t_w_g_r_a_s_p' on page 48 undefine
d on input line 7.


LaTeX Warning: Reference `classtop_1_1_t_o_p_t_w_g_r_a_s_p' on page 48 undefine
d on input line 7.

[48]
Underfull \hbox (badness 10000) detected at line 16
[][][]
 []


Underfull \hbox (badness 10000) detected at line 19
[][][]
 []


Underfull \hbox (badness 10000) detected at line 22
[][][]
 []

) (./_t_o_p_t_w_reader_8java.tex

LaTeX Warning: Reference `classtop_1_1_t_o_p_t_w' on page 49 undefined on input
 line 7.


LaTeX Warning: Reference `classtop_1_1_t_o_p_t_w_reader' on page 49 undefined o
n input line 7.


Underfull \hbox (badness 10000) detected at line 16
[][][]
 []


Underfull \hbox (badness 10000) detected at line 19
[][][]
 []


Underfull \hbox (badness 10000) detected at line 22
[][][]
 []

) (./_t_o_p_t_w_route_8java.tex [49]

LaTeX Warning: Reference `classtop_1_1_t_o_p_t_w_route' on page 50 undefined on
 input line 7.


LaTeX Warning: Reference `classtop_1_1_t_o_p_t_w_route' on page 50 undefined on
 input line 7.


Underfull \hbox (badness 10000) detected at line 16
[][][]
 []


Underfull \hbox (badness 10000) detected at line 19
[][][]
 []


Underfull \hbox (badness 10000) detected at line 22
[][][]
 []

) (./_t_o_p_t_w_solution_8java.tex

LaTeX Warning: Reference `classtop_1_1_t_o_p_t_w_solution' on page 50 undefined
 on input line 7.


LaTeX Warning: Reference `classtop_1_1_t_o_p_t_w_solution' on page 50 undefined
 on input line 7.


Underfull \hbox (badness 10000) detected at line 16
[][][]
 []


Underfull \hbox (badness 10000) detected at line 19
[][][]
 []


Underfull \hbox (badness 10000) detected at line 22
[][][]
 []

) [50]
No file refman.ind.

Package longtable Warning: Table widths have changed. Rerun LaTeX.

(./refman.aux)

LaTeX Warning: There were undefined references.


LaTeX Warning: Label(s) may have changed. Rerun to get cross-references right.

 ) 
Here is how much of TeX's memory you used:
 11024 strings out of 483183
 190854 string characters out of 5966291
 433065 words of memory out of 5000000
 25764 multiletter control sequences out of 15000+600000
 598024 words of font info for 98 fonts, out of 8000000 for 9000
 14 hyphenation exceptions out of 8191
 55i,16n,96p,891b,594s stack positions out of 5000i,500n,10000p,200000b,80000s
{/usr/share/texlive/texmf-dist/fonts/enc/dvips/base/8r.enc}</usr/share/texliv
e/texmf-dist/fonts/type1/public/amsfonts/cm/cmmi10.pfb></usr/share/texlive/texm
f-dist/fonts/type1/public/amsfonts/cm/cmmi8.pfb></usr/share/texlive/texmf-dist/
fonts/type1/urw/courier/ucrb8a.pfb></usr/share/texlive/texmf-dist/fonts/type1/u
rw/courier/ucrr8a.pfb></usr/share/texlive/texmf-dist/fonts/type1/urw/courier/uc
rro8a.pfb></usr/share/texlive/texmf-dist/fonts/type1/urw/helvetic/uhvb8a.pfb></
usr/share/texlive/texmf-dist/fonts/type1/urw/helvetic/uhvb8ac.pfb></usr/share/t
exlive/texmf-dist/fonts/type1/urw/helvetic/uhvbo8a.pfb></usr/share/texlive/texm
f-dist/fonts/type1/urw/helvetic/uhvr8a.pfb></usr/share/texlive/texmf-dist/fonts
/type1/urw/helvetic/uhvro8a.pfb>
Output written on refman.pdf (52 pages, 1342744 bytes).
PDF statistics:
 801 PDF objects out of 1000 (max. 8388607)
 518 compressed objects within 6 object streams
 0 named destinations out of 1000 (max. 500000)
 346 words of extra memory for PDF output out of 10000 (max. 10000000)

